*** Starting uWSGI 2.0.17 (64bit) on [Fri Jul  6 13:49:29 2018] ***
compiled with version: 5.4.0 20160609 on 24 April 2018 01:18:58
os: Linux-4.4.0-62-generic #83-Ubuntu SMP Wed Jan 18 14:10:15 UTC 2017
nodename: ubuntu
machine: x86_64
clock source: unix
detected number of CPU cores: 1
current working directory: /srv/Myblog
detected binary path: /home/srp/srp_py_vm/myblog/bin/uwsgi
!!! no internal routing support, rebuild with pcre support !!!
chdir() to /srv/Myblog
your processes number limit is 3826
your memory page size is 4096 bytes
detected max file descriptor number: 65535
lock engine: pthread robust mutexes
thunder lock: disabled (you can enable it with --thunder-lock)
uwsgi socket 0 bound to TCP address 127.0.0.1:9000 fd 6
Python version: 3.5.2 (default, Nov 23 2017, 16:37:01)  [GCC 5.4.0 20160609]
Set PythonHome to /home/srp/srp_py_vm/myblog
Python main interpreter initialized at 0x255bec0
python threads support enabled
your server socket listen backlog is limited to 100 connections
your mercy for graceful operations on workers is 60 seconds
mapped 437520 bytes (427 KB) for 5 cores
*** Operational MODE: preforking ***
WSGI app 0 (mountpoint='') ready in 2 seconds on interpreter 0x255bec0 pid: 32593 (default app)
spawned uWSGI master process (pid: 32593)
spawned uWSGI worker 1 (pid: 32596, cores: 1)
spawned uWSGI worker 2 (pid: 32597, cores: 1)
spawned uWSGI worker 3 (pid: 32598, cores: 1)
spawned uWSGI worker 4 (pid: 32599, cores: 1)
spawned uWSGI worker 5 (pid: 32600, cores: 1)
*** Stats server enabled on 127.0.0.1:9001 fd: 20 ***
Python auto-reloader enabled
Fri Jul  6 13:57:18 2018 - *** /srv/Myblog has been touched... grace them all !!! ***
...gracefully killing workers...
Gracefully killing worker 1 (pid: 32596)...
Gracefully killing worker 2 (pid: 32597)...
Gracefully killing worker 3 (pid: 32598)...
Gracefully killing worker 4 (pid: 32599)...
Gracefully killing worker 5 (pid: 32600)...
Fri Jul  6 13:58:21 2018 - worker 1 (pid: 32596) is taking too much time to die...NO MERCY !!!
worker 1 buried after 0 seconds
Fri Jul  6 13:58:22 2018 - worker 2 (pid: 32597) is taking too much time to die...NO MERCY !!!
Fri Jul  6 13:58:22 2018 - worker 3 (pid: 32598) is taking too much time to die...NO MERCY !!!
Fri Jul  6 13:58:22 2018 - worker 4 (pid: 32599) is taking too much time to die...NO MERCY !!!
Fri Jul  6 13:58:22 2018 - worker 5 (pid: 32600) is taking too much time to die...NO MERCY !!!
worker 2 buried after 0 seconds
worker 3 buried after 1 seconds
worker 4 buried after 1 seconds
worker 5 buried after 1 seconds
binary reloading uWSGI...
chdir() to /srv/Myblog
closing all non-uwsgi socket fds > 2 (max_fd = 65535)...
found fd 6 mapped to socket 0 (127.0.0.1:9000)
running /home/srp/srp_py_vm/myblog/bin/uwsgi
[uWSGI] getting INI configuration from /srv/Myblog/conf/uwsgi_blog.ini
*** Starting uWSGI 2.0.17 (64bit) on [Fri Jul  6 13:58:23 2018] ***
compiled with version: 5.4.0 20160609 on 24 April 2018 01:18:58
os: Linux-4.4.0-62-generic #83-Ubuntu SMP Wed Jan 18 14:10:15 UTC 2017
nodename: ubuntu
machine: x86_64
clock source: unix
detected number of CPU cores: 1
current working directory: /srv/Myblog
detected binary path: /home/srp/srp_py_vm/myblog/bin/uwsgi
!!! no internal routing support, rebuild with pcre support !!!
chdir() to /srv/Myblog
your processes number limit is 3826
your memory page size is 4096 bytes
detected max file descriptor number: 65535
lock engine: pthread robust mutexes
thunder lock: disabled (you can enable it with --thunder-lock)
uwsgi socket 0 inherited INET address 127.0.0.1:9000 fd 6
Python version: 3.5.2 (default, Nov 23 2017, 16:37:01)  [GCC 5.4.0 20160609]
Set PythonHome to /home/srp/srp_py_vm/myblog
Python main interpreter initialized at 0x11e59f0
python threads support enabled
your server socket listen backlog is limited to 100 connections
your mercy for graceful operations on workers is 60 seconds
mapped 437520 bytes (427 KB) for 5 cores
*** Operational MODE: preforking ***
WSGI app 0 (mountpoint='') ready in 2 seconds on interpreter 0x11e59f0 pid: 32593 (default app)
gracefully (RE)spawned uWSGI master process (pid: 32593)
spawned uWSGI worker 1 (pid: 869, cores: 1)
spawned uWSGI worker 2 (pid: 870, cores: 1)
spawned uWSGI worker 3 (pid: 871, cores: 1)
spawned uWSGI worker 4 (pid: 872, cores: 1)
spawned uWSGI worker 5 (pid: 873, cores: 1)
*** Stats server enabled on 127.0.0.1:9001 fd: 20 ***
Python auto-reloader enabled
Fri Jul  6 14:01:32 2018 - *** /srv/Myblog has been touched... grace them all !!! ***
...gracefully killing workers...
Gracefully killing worker 1 (pid: 869)...
Gracefully killing worker 2 (pid: 870)...
Gracefully killing worker 3 (pid: 871)...
Gracefully killing worker 4 (pid: 872)...
Gracefully killing worker 5 (pid: 873)...
worker 1 buried after 3 seconds
worker 2 buried after 3 seconds
worker 3 buried after 3 seconds
worker 4 buried after 3 seconds
worker 5 buried after 3 seconds
binary reloading uWSGI...
chdir() to /srv/Myblog
closing all non-uwsgi socket fds > 2 (max_fd = 65535)...
found fd 6 mapped to socket 0 (127.0.0.1:9000)
running /home/srp/srp_py_vm/myblog/bin/uwsgi
[uWSGI] getting INI configuration from /srv/Myblog/conf/uwsgi_blog.ini
*** Starting uWSGI 2.0.17 (64bit) on [Fri Jul  6 14:01:35 2018] ***
compiled with version: 5.4.0 20160609 on 24 April 2018 01:18:58
os: Linux-4.4.0-62-generic #83-Ubuntu SMP Wed Jan 18 14:10:15 UTC 2017
nodename: ubuntu
machine: x86_64
clock source: unix
detected number of CPU cores: 1
current working directory: /srv/Myblog
detected binary path: /home/srp/srp_py_vm/myblog/bin/uwsgi
!!! no internal routing support, rebuild with pcre support !!!
chdir() to /srv/Myblog
your processes number limit is 3826
your memory page size is 4096 bytes
detected max file descriptor number: 65535
lock engine: pthread robust mutexes
thunder lock: disabled (you can enable it with --thunder-lock)
uwsgi socket 0 inherited INET address 127.0.0.1:9000 fd 6
Python version: 3.5.2 (default, Nov 23 2017, 16:37:01)  [GCC 5.4.0 20160609]
Set PythonHome to /home/srp/srp_py_vm/myblog
Python main interpreter initialized at 0x11439f0
python threads support enabled
your server socket listen backlog is limited to 100 connections
your mercy for graceful operations on workers is 60 seconds
mapped 437520 bytes (427 KB) for 5 cores
*** Operational MODE: preforking ***
WSGI app 0 (mountpoint='') ready in 2 seconds on interpreter 0x11439f0 pid: 32593 (default app)
gracefully (RE)spawned uWSGI master process (pid: 32593)
spawned uWSGI worker 1 (pid: 1189, cores: 1)
spawned uWSGI worker 2 (pid: 1190, cores: 1)
spawned uWSGI worker 3 (pid: 1191, cores: 1)
spawned uWSGI worker 4 (pid: 1192, cores: 1)
spawned uWSGI worker 5 (pid: 1193, cores: 1)
*** Stats server enabled on 127.0.0.1:9001 fd: 20 ***
Python auto-reloader enabled
*** Starting uWSGI 2.0.17 (64bit) on [Fri Jul  6 14:49:08 2018] ***
compiled with version: 5.4.0 20160609 on 24 April 2018 01:18:58
os: Linux-4.4.0-62-generic #83-Ubuntu SMP Wed Jan 18 14:10:15 UTC 2017
nodename: ubuntu
machine: x86_64
clock source: unix
detected number of CPU cores: 1
current working directory: /home/srp
detected binary path: /home/srp/srp_py_vm/myblog/bin/uwsgi
!!! no internal routing support, rebuild with pcre support !!!
chdir() to /srv/Myblog
your processes number limit is 3826
your memory page size is 4096 bytes
detected max file descriptor number: 65535
lock engine: pthread robust mutexes
thunder lock: disabled (you can enable it with --thunder-lock)
uwsgi socket 0 bound to TCP address 127.0.0.1:9000 fd 6
Python version: 3.5.2 (default, Nov 23 2017, 16:37:01)  [GCC 5.4.0 20160609]
Set PythonHome to /home/srp/srp_py_vm/myblog
Python main interpreter initialized at 0xf96e00
python threads support enabled
your server socket listen backlog is limited to 100 connections
your mercy for graceful operations on workers is 60 seconds
mapped 437520 bytes (427 KB) for 5 cores
*** Operational MODE: preforking ***
WSGI app 0 (mountpoint='') ready in 1 seconds on interpreter 0xf96e00 pid: 2245 (default app)
spawned uWSGI master process (pid: 2245)
spawned uWSGI worker 1 (pid: 2247, cores: 1)
spawned uWSGI worker 2 (pid: 2248, cores: 1)
spawned uWSGI worker 3 (pid: 2249, cores: 1)
spawned uWSGI worker 4 (pid: 2250, cores: 1)
spawned uWSGI worker 5 (pid: 2251, cores: 1)
*** Stats server enabled on 127.0.0.1:9001 fd: 20 ***
Python auto-reloader enabled
Fri Jul  6 15:11:40 2018 - *** /srv/Myblog has been touched... grace them all !!! ***
...gracefully killing workers...
Gracefully killing worker 1 (pid: 2247)...
Gracefully killing worker 2 (pid: 2248)...
Gracefully killing worker 3 (pid: 2249)...
Gracefully killing worker 4 (pid: 2250)...
Gracefully killing worker 5 (pid: 2251)...
*** Starting uWSGI 2.0.17 (64bit) on [Fri Jul  6 15:11:40 2018] ***
compiled with version: 5.4.0 20160609 on 24 April 2018 01:18:58
os: Linux-4.4.0-62-generic #83-Ubuntu SMP Wed Jan 18 14:10:15 UTC 2017
nodename: ubuntu
machine: x86_64
clock source: unix
detected number of CPU cores: 1
current working directory: /srv/Myblog
detected binary path: /home/srp/srp_py_vm/myblog/bin/uwsgi
!!! no internal routing support, rebuild with pcre support !!!
uWSGI running as root, you can use --uid/--gid/--chroot options
*** WARNING: you are running uWSGI as root !!! (use the --uid flag) *** 
chdir() to /srv/Myblog
your processes number limit is 3826
your memory page size is 4096 bytes
detected max file descriptor number: 1024
lock engine: pthread robust mutexes
thunder lock: disabled (you can enable it with --thunder-lock)
probably another instance of uWSGI is running on the same address (127.0.0.1:9000).
bind(): Address already in use [core/socket.c line 769]
Fri Jul  6 15:12:41 2018 - worker 1 (pid: 2247) is taking too much time to die...NO MERCY !!!
Fri Jul  6 15:12:44 2018 - worker 2 (pid: 2248) is taking too much time to die...NO MERCY !!!
Fri Jul  6 15:12:44 2018 - worker 3 (pid: 2249) is taking too much time to die...NO MERCY !!!
Fri Jul  6 15:12:44 2018 - worker 4 (pid: 2250) is taking too much time to die...NO MERCY !!!
Fri Jul  6 15:12:44 2018 - worker 5 (pid: 2251) is taking too much time to die...NO MERCY !!!
worker 1 buried after 1 seconds
worker 2 buried after 0 seconds
worker 3 buried after 0 seconds
worker 4 buried after 0 seconds
worker 5 buried after 0 seconds
binary reloading uWSGI...
chdir() to /home/srp
closing all non-uwsgi socket fds > 2 (max_fd = 65535)...
found fd 6 mapped to socket 0 (127.0.0.1:9000)
running /home/srp/srp_py_vm/myblog/bin/uwsgi
[uWSGI] getting INI configuration from /srv/Myblog/conf/uwsgi_blog.ini
*** Starting uWSGI 2.0.17 (64bit) on [Fri Jul  6 15:12:44 2018] ***
compiled with version: 5.4.0 20160609 on 24 April 2018 01:18:58
os: Linux-4.4.0-62-generic #83-Ubuntu SMP Wed Jan 18 14:10:15 UTC 2017
nodename: ubuntu
machine: x86_64
clock source: unix
detected number of CPU cores: 1
current working directory: /srv/Myblog
detected binary path: /home/srp/srp_py_vm/myblog/bin/uwsgi
!!! no internal routing support, rebuild with pcre support !!!
uWSGI running as root, you can use --uid/--gid/--chroot options
*** WARNING: you are running uWSGI as root !!! (use the --uid flag) *** 
chdir() to /srv/Myblog
your processes number limit is 3826
your memory page size is 4096 bytes
detected max file descriptor number: 1024
lock engine: pthread robust mutexes
thunder lock: disabled (you can enable it with --thunder-lock)
probably another instance of uWSGI is running on the same address (127.0.0.1:9000).
bind(): Address already in use [core/socket.c line 769]
*** Starting uWSGI 2.0.17 (64bit) on [Fri Jul  6 15:12:47 2018] ***
compiled with version: 5.4.0 20160609 on 24 April 2018 01:18:58
os: Linux-4.4.0-62-generic #83-Ubuntu SMP Wed Jan 18 14:10:15 UTC 2017
nodename: ubuntu
machine: x86_64
clock source: unix
detected number of CPU cores: 1
current working directory: /srv/Myblog
detected binary path: /home/srp/srp_py_vm/myblog/bin/uwsgi
!!! no internal routing support, rebuild with pcre support !!!
uWSGI running as root, you can use --uid/--gid/--chroot options
*** WARNING: you are running uWSGI as root !!! (use the --uid flag) *** 
chdir() to /srv/Myblog
your processes number limit is 3826
your memory page size is 4096 bytes
detected max file descriptor number: 1024
lock engine: pthread robust mutexes
thunder lock: disabled (you can enable it with --thunder-lock)
probably another instance of uWSGI is running on the same address (127.0.0.1:9000).
bind(): Address already in use [core/socket.c line 769]
*** Starting uWSGI 2.0.17 (64bit) on [Fri Jul  6 15:12:44 2018] ***
compiled with version: 5.4.0 20160609 on 24 April 2018 01:18:58
os: Linux-4.4.0-62-generic #83-Ubuntu SMP Wed Jan 18 14:10:15 UTC 2017
nodename: ubuntu
machine: x86_64
clock source: unix
detected number of CPU cores: 1
current working directory: /home/srp
detected binary path: /home/srp/srp_py_vm/myblog/bin/uwsgi
!!! no internal routing support, rebuild with pcre support !!!
chdir() to /srv/Myblog
your processes number limit is 3826
your memory page size is 4096 bytes
detected max file descriptor number: 65535
lock engine: pthread robust mutexes
thunder lock: disabled (you can enable it with --thunder-lock)
uwsgi socket 0 inherited INET address 127.0.0.1:9000 fd 6
Python version: 3.5.2 (default, Nov 23 2017, 16:37:01)  [GCC 5.4.0 20160609]
Set PythonHome to /home/srp/srp_py_vm/myblog
Python main interpreter initialized at 0x2692930
python threads support enabled
your server socket listen backlog is limited to 100 connections
your mercy for graceful operations on workers is 60 seconds
mapped 802120 bytes (783 KB) for 10 cores
*** Operational MODE: preforking ***
WSGI app 0 (mountpoint='') ready in 4 seconds on interpreter 0x2692930 pid: 2245 (default app)
gracefully (RE)spawned uWSGI master process (pid: 2245)
spawned uWSGI worker 1 (pid: 2833, cores: 1)
spawned uWSGI worker 2 (pid: 2834, cores: 1)
spawned uWSGI worker 3 (pid: 2835, cores: 1)
spawned uWSGI worker 4 (pid: 2837, cores: 1)
spawned uWSGI worker 5 (pid: 2838, cores: 1)
spawned uWSGI worker 6 (pid: 2839, cores: 1)
spawned uWSGI worker 7 (pid: 2840, cores: 1)
spawned uWSGI worker 8 (pid: 2841, cores: 1)
spawned uWSGI worker 9 (pid: 2842, cores: 1)
spawned uWSGI worker 10 (pid: 2843, cores: 1)
*** Stats server enabled on 127.0.0.1:9001 fd: 30 ***
Python auto-reloader enabled
*** Starting uWSGI 2.0.17 (64bit) on [Fri Jul  6 15:12:51 2018] ***
compiled with version: 5.4.0 20160609 on 24 April 2018 01:18:58
os: Linux-4.4.0-62-generic #83-Ubuntu SMP Wed Jan 18 14:10:15 UTC 2017
nodename: ubuntu
machine: x86_64
clock source: unix
detected number of CPU cores: 1
current working directory: /srv/Myblog
detected binary path: /home/srp/srp_py_vm/myblog/bin/uwsgi
!!! no internal routing support, rebuild with pcre support !!!
uWSGI running as root, you can use --uid/--gid/--chroot options
*** WARNING: you are running uWSGI as root !!! (use the --uid flag) *** 
chdir() to /srv/Myblog
your processes number limit is 3826
your memory page size is 4096 bytes
detected max file descriptor number: 1024
lock engine: pthread robust mutexes
thunder lock: disabled (you can enable it with --thunder-lock)
probably another instance of uWSGI is running on the same address (127.0.0.1:9000).
bind(): Address already in use [core/socket.c line 769]
*** Starting uWSGI 2.0.17 (64bit) on [Fri Jul  6 15:27:03 2018] ***
compiled with version: 5.4.0 20160609 on 24 April 2018 01:18:58
os: Linux-4.4.0-62-generic #83-Ubuntu SMP Wed Jan 18 14:10:15 UTC 2017
nodename: ubuntu
machine: x86_64
clock source: unix
detected number of CPU cores: 1
current working directory: /srv/Myblog
detected binary path: /home/srp/srp_py_vm/myblog/bin/uwsgi
!!! no internal routing support, rebuild with pcre support !!!
uWSGI running as root, you can use --uid/--gid/--chroot options
*** WARNING: you are running uWSGI as root !!! (use the --uid flag) *** 
chdir() to /srv/Myblog
your processes number limit is 3826
your memory page size is 4096 bytes
detected max file descriptor number: 1024
lock engine: pthread robust mutexes
thunder lock: disabled (you can enable it with --thunder-lock)
probably another instance of uWSGI is running on the same address (127.0.0.1:9000).
bind(): Address already in use [core/socket.c line 769]
*** Starting uWSGI 2.0.17 (64bit) on [Fri Jul  6 15:27:02 2018] ***
compiled with version: 5.4.0 20160609 on 24 April 2018 01:18:58
os: Linux-4.4.0-62-generic #83-Ubuntu SMP Wed Jan 18 14:10:15 UTC 2017
nodename: ubuntu
machine: x86_64
clock source: unix
detected number of CPU cores: 1
current working directory: /srv/Myblog
detected binary path: /home/srp/srp_py_vm/myblog/bin/uwsgi
!!! no internal routing support, rebuild with pcre support !!!
uWSGI running as root, you can use --uid/--gid/--chroot options
*** WARNING: you are running uWSGI as root !!! (use the --uid flag) *** 
chdir() to /srv/Myblog
your processes number limit is 3826
your memory page size is 4096 bytes
detected max file descriptor number: 1024
lock engine: pthread robust mutexes
thunder lock: disabled (you can enable it with --thunder-lock)
uwsgi socket 0 bound to TCP address 127.0.0.1:9000 fd 6
uWSGI running as root, you can use --uid/--gid/--chroot options
*** WARNING: you are running uWSGI as root !!! (use the --uid flag) *** 
Python version: 3.5.2 (default, Nov 23 2017, 16:37:01)  [GCC 5.4.0 20160609]
Set PythonHome to /home/srp/srp_py_vm/myblog
Python main interpreter initialized at 0x12761b0
uWSGI running as root, you can use --uid/--gid/--chroot options
*** WARNING: you are running uWSGI as root !!! (use the --uid flag) *** 
python threads support enabled
your server socket listen backlog is limited to 100 connections
your mercy for graceful operations on workers is 60 seconds
mapped 802120 bytes (783 KB) for 10 cores
*** Operational MODE: preforking ***
WSGI app 0 (mountpoint='') ready in 2 seconds on interpreter 0x12761b0 pid: 3039 (default app)
uWSGI running as root, you can use --uid/--gid/--chroot options
*** WARNING: you are running uWSGI as root !!! (use the --uid flag) *** 
spawned uWSGI master process (pid: 3039)
spawned uWSGI worker 1 (pid: 3044, cores: 1)
spawned uWSGI worker 2 (pid: 3045, cores: 1)
spawned uWSGI worker 3 (pid: 3046, cores: 1)
spawned uWSGI worker 4 (pid: 3047, cores: 1)
spawned uWSGI worker 5 (pid: 3048, cores: 1)
spawned uWSGI worker 6 (pid: 3049, cores: 1)
spawned uWSGI worker 7 (pid: 3050, cores: 1)
spawned uWSGI worker 8 (pid: 3051, cores: 1)
spawned uWSGI worker 9 (pid: 3052, cores: 1)
spawned uWSGI worker 10 (pid: 3053, cores: 1)
Python auto-reloader enabled
*** Stats server enabled on 127.0.0.1:9001 fd: 30 ***
*** Starting uWSGI 2.0.17 (64bit) on [Fri Jul  6 15:27:05 2018] ***
compiled with version: 5.4.0 20160609 on 24 April 2018 01:18:58
os: Linux-4.4.0-62-generic #83-Ubuntu SMP Wed Jan 18 14:10:15 UTC 2017
nodename: ubuntu
machine: x86_64
clock source: unix
detected number of CPU cores: 1
current working directory: /srv/Myblog
detected binary path: /home/srp/srp_py_vm/myblog/bin/uwsgi
!!! no internal routing support, rebuild with pcre support !!!
uWSGI running as root, you can use --uid/--gid/--chroot options
*** WARNING: you are running uWSGI as root !!! (use the --uid flag) *** 
chdir() to /srv/Myblog
your processes number limit is 3826
your memory page size is 4096 bytes
detected max file descriptor number: 1024
lock engine: pthread robust mutexes
thunder lock: disabled (you can enable it with --thunder-lock)
probably another instance of uWSGI is running on the same address (127.0.0.1:9000).
bind(): Address already in use [core/socket.c line 769]
*** Starting uWSGI 2.0.17 (64bit) on [Fri Jul  6 15:27:08 2018] ***
compiled with version: 5.4.0 20160609 on 24 April 2018 01:18:58
os: Linux-4.4.0-62-generic #83-Ubuntu SMP Wed Jan 18 14:10:15 UTC 2017
nodename: ubuntu
machine: x86_64
clock source: unix
detected number of CPU cores: 1
current working directory: /srv/Myblog
detected binary path: /home/srp/srp_py_vm/myblog/bin/uwsgi
!!! no internal routing support, rebuild with pcre support !!!
uWSGI running as root, you can use --uid/--gid/--chroot options
*** WARNING: you are running uWSGI as root !!! (use the --uid flag) *** 
chdir() to /srv/Myblog
your processes number limit is 3826
your memory page size is 4096 bytes
detected max file descriptor number: 1024
lock engine: pthread robust mutexes
thunder lock: disabled (you can enable it with --thunder-lock)
probably another instance of uWSGI is running on the same address (127.0.0.1:9000).
bind(): Address already in use [core/socket.c line 769]
...brutally killing workers...
worker 10 buried after 3 seconds
worker 6 buried after 8 seconds
worker 1 buried after 9 seconds
worker 2 buried after 9 seconds
worker 3 buried after 9 seconds
worker 4 buried after 9 seconds
worker 5 buried after 9 seconds
worker 7 buried after 9 seconds
worker 8 buried after 9 seconds
worker 9 buried after 9 seconds
binary reloading uWSGI...
chdir() to /srv/Myblog
closing all non-uwsgi socket fds > 2 (max_fd = 1024)...
found fd 6 mapped to socket 0 (127.0.0.1:9000)
running /home/srp/srp_py_vm/myblog/bin/uwsgi
[uWSGI] getting INI configuration from /srv/Myblog/conf/uwsgi_blog.ini
*** Starting uWSGI 2.0.17 (64bit) on [Fri Jul  6 17:15:18 2018] ***
compiled with version: 5.4.0 20160609 on 24 April 2018 01:18:58
os: Linux-4.4.0-62-generic #83-Ubuntu SMP Wed Jan 18 14:10:15 UTC 2017
nodename: ubuntu
machine: x86_64
clock source: unix
detected number of CPU cores: 1
current working directory: /srv/Myblog
detected binary path: /home/srp/srp_py_vm/myblog/bin/uwsgi
!!! no internal routing support, rebuild with pcre support !!!
uWSGI running as root, you can use --uid/--gid/--chroot options
*** WARNING: you are running uWSGI as root !!! (use the --uid flag) *** 
chdir() to /srv/Myblog
your processes number limit is 3811
your memory page size is 4096 bytes
detected max file descriptor number: 1024
lock engine: pthread robust mutexes
thunder lock: disabled (you can enable it with --thunder-lock)
probably another instance of uWSGI is running on the same address (127.0.0.1:9000).
bind(): Address already in use [core/socket.c line 769]
*** Starting uWSGI 2.0.17 (64bit) on [Fri Jul  6 17:15:20 2018] ***
compiled with version: 5.4.0 20160609 on 24 April 2018 01:18:58
os: Linux-4.4.0-62-generic #83-Ubuntu SMP Wed Jan 18 14:10:15 UTC 2017
nodename: ubuntu
machine: x86_64
clock source: unix
detected number of CPU cores: 1
current working directory: /srv/Myblog
detected binary path: /home/srp/srp_py_vm/myblog/bin/uwsgi
!!! no internal routing support, rebuild with pcre support !!!
uWSGI running as root, you can use --uid/--gid/--chroot options
*** WARNING: you are running uWSGI as root !!! (use the --uid flag) *** 
chdir() to /srv/Myblog
your processes number limit is 3811
your memory page size is 4096 bytes
detected max file descriptor number: 1024
lock engine: pthread robust mutexes
thunder lock: disabled (you can enable it with --thunder-lock)
probably another instance of uWSGI is running on the same address (127.0.0.1:9000).
bind(): Address already in use [core/socket.c line 769]
*** Starting uWSGI 2.0.17 (64bit) on [Fri Jul  6 17:15:23 2018] ***
compiled with version: 5.4.0 20160609 on 24 April 2018 01:18:58
os: Linux-4.4.0-62-generic #83-Ubuntu SMP Wed Jan 18 14:10:15 UTC 2017
nodename: ubuntu
machine: x86_64
clock source: unix
detected number of CPU cores: 1
current working directory: /srv/Myblog
detected binary path: /home/srp/srp_py_vm/myblog/bin/uwsgi
!!! no internal routing support, rebuild with pcre support !!!
uWSGI running as root, you can use --uid/--gid/--chroot options
*** WARNING: you are running uWSGI as root !!! (use the --uid flag) *** 
chdir() to /srv/Myblog
your processes number limit is 3811
your memory page size is 4096 bytes
detected max file descriptor number: 1024
lock engine: pthread robust mutexes
thunder lock: disabled (you can enable it with --thunder-lock)
probably another instance of uWSGI is running on the same address (127.0.0.1:9000).
bind(): Address already in use [core/socket.c line 769]
*** Starting uWSGI 2.0.17 (64bit) on [Fri Jul  6 17:15:16 2018] ***
compiled with version: 5.4.0 20160609 on 24 April 2018 01:18:58
os: Linux-4.4.0-62-generic #83-Ubuntu SMP Wed Jan 18 14:10:15 UTC 2017
nodename: ubuntu
machine: x86_64
clock source: unix
detected number of CPU cores: 1
current working directory: /srv/Myblog
detected binary path: /home/srp/srp_py_vm/myblog/bin/uwsgi
!!! no internal routing support, rebuild with pcre support !!!
uWSGI running as root, you can use --uid/--gid/--chroot options
*** WARNING: you are running uWSGI as root !!! (use the --uid flag) *** 
chdir() to /srv/Myblog
your processes number limit is 3811
your memory page size is 4096 bytes
detected max file descriptor number: 1024
lock engine: pthread robust mutexes
thunder lock: disabled (you can enable it with --thunder-lock)
uwsgi socket 0 bound to TCP address 127.0.0.1:9000 fd 6
uWSGI running as root, you can use --uid/--gid/--chroot options
*** WARNING: you are running uWSGI as root !!! (use the --uid flag) *** 
Python version: 3.5.2 (default, Nov 23 2017, 16:37:01)  [GCC 5.4.0 20160609]
Set PythonHome to /home/srp/srp_py_vm/myblog
Python main interpreter initialized at 0x17801b0
uWSGI running as root, you can use --uid/--gid/--chroot options
*** WARNING: you are running uWSGI as root !!! (use the --uid flag) *** 
python threads support enabled
your server socket listen backlog is limited to 100 connections
your mercy for graceful operations on workers is 60 seconds
mapped 802120 bytes (783 KB) for 10 cores
*** Operational MODE: preforking ***
WSGI app 0 (mountpoint='') ready in 9 seconds on interpreter 0x17801b0 pid: 1258 (default app)
uWSGI running as root, you can use --uid/--gid/--chroot options
*** WARNING: you are running uWSGI as root !!! (use the --uid flag) *** 
spawned uWSGI master process (pid: 1258)
spawned uWSGI worker 1 (pid: 1440, cores: 1)
spawned uWSGI worker 2 (pid: 1441, cores: 1)
spawned uWSGI worker 3 (pid: 1442, cores: 1)
spawned uWSGI worker 4 (pid: 1443, cores: 1)
spawned uWSGI worker 5 (pid: 1444, cores: 1)
spawned uWSGI worker 6 (pid: 1449, cores: 1)
Python auto-reloader enabled
spawned uWSGI worker 7 (pid: 1451, cores: 1)
spawned uWSGI worker 8 (pid: 1454, cores: 1)
spawned uWSGI worker 9 (pid: 1456, cores: 1)
spawned uWSGI worker 10 (pid: 1457, cores: 1)
*** Stats server enabled on 127.0.0.1:9001 fd: 30 ***
-------------------------
*** Starting uWSGI 2.0.17 (64bit) on [Sat Jul  7 13:29:22 2018] ***
compiled with version: 5.4.0 20160609 on 24 April 2018 01:18:58
os: Linux-4.4.0-62-generic #83-Ubuntu SMP Wed Jan 18 14:10:15 UTC 2017
nodename: ubuntu
machine: x86_64
clock source: unix
detected number of CPU cores: 1
current working directory: /srv/Myblog
detected binary path: /home/srp/srp_py_vm/myblog/bin/uwsgi
!!! no internal routing support, rebuild with pcre support !!!
uWSGI running as root, you can use --uid/--gid/--chroot options
*** WARNING: you are running uWSGI as root !!! (use the --uid flag) *** 
chdir() to /srv/Myblog
your processes number limit is 3811
your memory page size is 4096 bytes
detected max file descriptor number: 1024
lock engine: pthread robust mutexes
thunder lock: disabled (you can enable it with --thunder-lock)
probably another instance of uWSGI is running on the same address (127.0.0.1:9000).
bind(): Address already in use [core/socket.c line 769]
*** Starting uWSGI 2.0.17 (64bit) on [Sat Jul  7 13:29:25 2018] ***
compiled with version: 5.4.0 20160609 on 24 April 2018 01:18:58
os: Linux-4.4.0-62-generic #83-Ubuntu SMP Wed Jan 18 14:10:15 UTC 2017
nodename: ubuntu
machine: x86_64
clock source: unix
detected number of CPU cores: 1
current working directory: /srv/Myblog
detected binary path: /home/srp/srp_py_vm/myblog/bin/uwsgi
!!! no internal routing support, rebuild with pcre support !!!
uWSGI running as root, you can use --uid/--gid/--chroot options
*** WARNING: you are running uWSGI as root !!! (use the --uid flag) *** 
chdir() to /srv/Myblog
your processes number limit is 3811
your memory page size is 4096 bytes
detected max file descriptor number: 1024
lock engine: pthread robust mutexes
thunder lock: disabled (you can enable it with --thunder-lock)
probably another instance of uWSGI is running on the same address (127.0.0.1:9000).
bind(): Address already in use [core/socket.c line 769]
*** Starting uWSGI 2.0.17 (64bit) on [Sat Jul  7 13:29:29 2018] ***
compiled with version: 5.4.0 20160609 on 24 April 2018 01:18:58
os: Linux-4.4.0-62-generic #83-Ubuntu SMP Wed Jan 18 14:10:15 UTC 2017
nodename: ubuntu
machine: x86_64
clock source: unix
detected number of CPU cores: 1
current working directory: /srv/Myblog
detected binary path: /home/srp/srp_py_vm/myblog/bin/uwsgi
!!! no internal routing support, rebuild with pcre support !!!
uWSGI running as root, you can use --uid/--gid/--chroot options
*** WARNING: you are running uWSGI as root !!! (use the --uid flag) *** 
chdir() to /srv/Myblog
your processes number limit is 3811
your memory page size is 4096 bytes
detected max file descriptor number: 1024
lock engine: pthread robust mutexes
thunder lock: disabled (you can enable it with --thunder-lock)
probably another instance of uWSGI is running on the same address (127.0.0.1:9000).
bind(): Address already in use [core/socket.c line 769]
*** Starting uWSGI 2.0.17 (64bit) on [Sat Jul  7 13:29:21 2018] ***
compiled with version: 5.4.0 20160609 on 24 April 2018 01:18:58
os: Linux-4.4.0-62-generic #83-Ubuntu SMP Wed Jan 18 14:10:15 UTC 2017
nodename: ubuntu
machine: x86_64
clock source: unix
detected number of CPU cores: 1
current working directory: /srv/Myblog
detected binary path: /home/srp/srp_py_vm/myblog/bin/uwsgi
!!! no internal routing support, rebuild with pcre support !!!
uWSGI running as root, you can use --uid/--gid/--chroot options
*** WARNING: you are running uWSGI as root !!! (use the --uid flag) *** 
chdir() to /srv/Myblog
your processes number limit is 3811
your memory page size is 4096 bytes
detected max file descriptor number: 1024
lock engine: pthread robust mutexes
thunder lock: disabled (you can enable it with --thunder-lock)
uwsgi socket 0 bound to TCP address 127.0.0.1:9000 fd 6
uWSGI running as root, you can use --uid/--gid/--chroot options
*** WARNING: you are running uWSGI as root !!! (use the --uid flag) *** 
Python version: 3.5.2 (default, Nov 23 2017, 16:37:01)  [GCC 5.4.0 20160609]
Set PythonHome to /home/srp/srp_py_vm/myblog
Python main interpreter initialized at 0x22e61b0
uWSGI running as root, you can use --uid/--gid/--chroot options
*** WARNING: you are running uWSGI as root !!! (use the --uid flag) *** 
python threads support enabled
your server socket listen backlog is limited to 100 connections
your mercy for graceful operations on workers is 60 seconds
mapped 802120 bytes (783 KB) for 10 cores
*** Operational MODE: preforking ***
WSGI app 0 (mountpoint='') ready in 8 seconds on interpreter 0x22e61b0 pid: 1378 (default app)
uWSGI running as root, you can use --uid/--gid/--chroot options
*** WARNING: you are running uWSGI as root !!! (use the --uid flag) *** 
spawned uWSGI master process (pid: 1378)
spawned uWSGI worker 1 (pid: 1494, cores: 1)
spawned uWSGI worker 2 (pid: 1495, cores: 1)
spawned uWSGI worker 3 (pid: 1496, cores: 1)
spawned uWSGI worker 4 (pid: 1497, cores: 1)
spawned uWSGI worker 5 (pid: 1498, cores: 1)
spawned uWSGI worker 6 (pid: 1499, cores: 1)
spawned uWSGI worker 7 (pid: 1501, cores: 1)
spawned uWSGI worker 8 (pid: 1505, cores: 1)
spawned uWSGI worker 9 (pid: 1509, cores: 1)
Python auto-reloader enabled
spawned uWSGI worker 10 (pid: 1511, cores: 1)
*** Stats server enabled on 127.0.0.1:9001 fd: 30 ***
*** Starting uWSGI 2.0.17 (64bit) on [Sun Jul  8 10:20:14 2018] ***
compiled with version: 5.4.0 20160609 on 24 April 2018 01:18:58
os: Linux-4.4.0-62-generic #83-Ubuntu SMP Wed Jan 18 14:10:15 UTC 2017
nodename: ubuntu
machine: x86_64
clock source: unix
detected number of CPU cores: 1
current working directory: /srv/Myblog
detected binary path: /home/srp/srp_py_vm/myblog/bin/uwsgi
!!! no internal routing support, rebuild with pcre support !!!
uWSGI running as root, you can use --uid/--gid/--chroot options
*** WARNING: you are running uWSGI as root !!! (use the --uid flag) *** 
chdir() to /srv/Myblog
your processes number limit is 3811
your memory page size is 4096 bytes
detected max file descriptor number: 1024
lock engine: pthread robust mutexes
thunder lock: disabled (you can enable it with --thunder-lock)
probably another instance of uWSGI is running on the same address (127.0.0.1:9000).
bind(): Address already in use [core/socket.c line 769]
*** Starting uWSGI 2.0.17 (64bit) on [Sun Jul  8 10:20:15 2018] ***
compiled with version: 5.4.0 20160609 on 24 April 2018 01:18:58
os: Linux-4.4.0-62-generic #83-Ubuntu SMP Wed Jan 18 14:10:15 UTC 2017
nodename: ubuntu
machine: x86_64
clock source: unix
detected number of CPU cores: 1
current working directory: /srv/Myblog
detected binary path: /home/srp/srp_py_vm/myblog/bin/uwsgi
!!! no internal routing support, rebuild with pcre support !!!
uWSGI running as root, you can use --uid/--gid/--chroot options
*** WARNING: you are running uWSGI as root !!! (use the --uid flag) *** 
chdir() to /srv/Myblog
your processes number limit is 3811
your memory page size is 4096 bytes
detected max file descriptor number: 1024
lock engine: pthread robust mutexes
thunder lock: disabled (you can enable it with --thunder-lock)
probably another instance of uWSGI is running on the same address (127.0.0.1:9000).
bind(): Address already in use [core/socket.c line 769]
*** Starting uWSGI 2.0.17 (64bit) on [Sun Jul  8 10:20:17 2018] ***
compiled with version: 5.4.0 20160609 on 24 April 2018 01:18:58
os: Linux-4.4.0-62-generic #83-Ubuntu SMP Wed Jan 18 14:10:15 UTC 2017
nodename: ubuntu
machine: x86_64
clock source: unix
detected number of CPU cores: 1
current working directory: /srv/Myblog
detected binary path: /home/srp/srp_py_vm/myblog/bin/uwsgi
!!! no internal routing support, rebuild with pcre support !!!
uWSGI running as root, you can use --uid/--gid/--chroot options
*** WARNING: you are running uWSGI as root !!! (use the --uid flag) *** 
chdir() to /srv/Myblog
your processes number limit is 3811
your memory page size is 4096 bytes
detected max file descriptor number: 1024
lock engine: pthread robust mutexes
thunder lock: disabled (you can enable it with --thunder-lock)
probably another instance of uWSGI is running on the same address (127.0.0.1:9000).
bind(): Address already in use [core/socket.c line 769]
*** Starting uWSGI 2.0.17 (64bit) on [Sun Jul  8 10:20:20 2018] ***
compiled with version: 5.4.0 20160609 on 24 April 2018 01:18:58
os: Linux-4.4.0-62-generic #83-Ubuntu SMP Wed Jan 18 14:10:15 UTC 2017
nodename: ubuntu
machine: x86_64
clock source: unix
detected number of CPU cores: 1
current working directory: /srv/Myblog
detected binary path: /home/srp/srp_py_vm/myblog/bin/uwsgi
!!! no internal routing support, rebuild with pcre support !!!
uWSGI running as root, you can use --uid/--gid/--chroot options
*** WARNING: you are running uWSGI as root !!! (use the --uid flag) *** 
chdir() to /srv/Myblog
your processes number limit is 3811
your memory page size is 4096 bytes
detected max file descriptor number: 1024
lock engine: pthread robust mutexes
thunder lock: disabled (you can enable it with --thunder-lock)
probably another instance of uWSGI is running on the same address (127.0.0.1:9000).
bind(): Address already in use [core/socket.c line 769]
*** Starting uWSGI 2.0.17 (64bit) on [Sun Jul  8 10:23:08 2018] ***
compiled with version: 5.4.0 20160609 on 24 April 2018 01:18:58
os: Linux-4.4.0-62-generic #83-Ubuntu SMP Wed Jan 18 14:10:15 UTC 2017
nodename: ubuntu
machine: x86_64
clock source: unix
detected number of CPU cores: 1
current working directory: /srv/Myblog
detected binary path: /home/srp/srp_py_vm/myblog/bin/uwsgi
!!! no internal routing support, rebuild with pcre support !!!
uWSGI running as root, you can use --uid/--gid/--chroot options
*** WARNING: you are running uWSGI as root !!! (use the --uid flag) *** 
chdir() to /srv/Myblog
your processes number limit is 3811
your memory page size is 4096 bytes
detected max file descriptor number: 1024
lock engine: pthread robust mutexes
thunder lock: disabled (you can enable it with --thunder-lock)
probably another instance of uWSGI is running on the same address (127.0.0.1:9000).
bind(): Address already in use [core/socket.c line 769]
*** Starting uWSGI 2.0.17 (64bit) on [Sun Jul  8 10:23:07 2018] ***
compiled with version: 5.4.0 20160609 on 24 April 2018 01:18:58
os: Linux-4.4.0-62-generic #83-Ubuntu SMP Wed Jan 18 14:10:15 UTC 2017
nodename: ubuntu
machine: x86_64
clock source: unix
detected number of CPU cores: 1
current working directory: /srv/Myblog
detected binary path: /home/srp/srp_py_vm/myblog/bin/uwsgi
!!! no internal routing support, rebuild with pcre support !!!
uWSGI running as root, you can use --uid/--gid/--chroot options
*** WARNING: you are running uWSGI as root !!! (use the --uid flag) *** 
chdir() to /srv/Myblog
your processes number limit is 3811
your memory page size is 4096 bytes
detected max file descriptor number: 1024
lock engine: pthread robust mutexes
thunder lock: disabled (you can enable it with --thunder-lock)
uwsgi socket 0 bound to TCP address 127.0.0.1:9000 fd 6
uWSGI running as root, you can use --uid/--gid/--chroot options
*** WARNING: you are running uWSGI as root !!! (use the --uid flag) *** 
Python version: 3.5.2 (default, Nov 23 2017, 16:37:01)  [GCC 5.4.0 20160609]
Set PythonHome to /home/srp/srp_py_vm/myblog
Python main interpreter initialized at 0x1ab61b0
uWSGI running as root, you can use --uid/--gid/--chroot options
*** WARNING: you are running uWSGI as root !!! (use the --uid flag) *** 
python threads support enabled
your server socket listen backlog is limited to 100 connections
your mercy for graceful operations on workers is 60 seconds
mapped 802120 bytes (783 KB) for 10 cores
*** Operational MODE: preforking ***
WSGI app 0 (mountpoint='') ready in 2 seconds on interpreter 0x1ab61b0 pid: 3045 (default app)
uWSGI running as root, you can use --uid/--gid/--chroot options
*** WARNING: you are running uWSGI as root !!! (use the --uid flag) *** 
spawned uWSGI master process (pid: 3045)
spawned uWSGI worker 1 (pid: 3050, cores: 1)
spawned uWSGI worker 2 (pid: 3051, cores: 1)
spawned uWSGI worker 3 (pid: 3052, cores: 1)
spawned uWSGI worker 4 (pid: 3053, cores: 1)
spawned uWSGI worker 5 (pid: 3054, cores: 1)
spawned uWSGI worker 6 (pid: 3055, cores: 1)
spawned uWSGI worker 7 (pid: 3059, cores: 1)
spawned uWSGI worker 8 (pid: 3063, cores: 1)
Python auto-reloader enabled
spawned uWSGI worker 9 (pid: 3065, cores: 1)
spawned uWSGI worker 10 (pid: 3066, cores: 1)
*** Stats server enabled on 127.0.0.1:9001 fd: 30 ***
*** Starting uWSGI 2.0.17 (64bit) on [Sun Jul  8 10:23:10 2018] ***
compiled with version: 5.4.0 20160609 on 24 April 2018 01:18:58
os: Linux-4.4.0-62-generic #83-Ubuntu SMP Wed Jan 18 14:10:15 UTC 2017
nodename: ubuntu
machine: x86_64
clock source: unix
detected number of CPU cores: 1
current working directory: /srv/Myblog
detected binary path: /home/srp/srp_py_vm/myblog/bin/uwsgi
!!! no internal routing support, rebuild with pcre support !!!
uWSGI running as root, you can use --uid/--gid/--chroot options
*** WARNING: you are running uWSGI as root !!! (use the --uid flag) *** 
chdir() to /srv/Myblog
your processes number limit is 3811
your memory page size is 4096 bytes
detected max file descriptor number: 1024
lock engine: pthread robust mutexes
thunder lock: disabled (you can enable it with --thunder-lock)
probably another instance of uWSGI is running on the same address (127.0.0.1:9000).
bind(): Address already in use [core/socket.c line 769]
*** Starting uWSGI 2.0.17 (64bit) on [Sun Jul  8 10:23:13 2018] ***
compiled with version: 5.4.0 20160609 on 24 April 2018 01:18:58
os: Linux-4.4.0-62-generic #83-Ubuntu SMP Wed Jan 18 14:10:15 UTC 2017
nodename: ubuntu
machine: x86_64
clock source: unix
detected number of CPU cores: 1
current working directory: /srv/Myblog
detected binary path: /home/srp/srp_py_vm/myblog/bin/uwsgi
!!! no internal routing support, rebuild with pcre support !!!
uWSGI running as root, you can use --uid/--gid/--chroot options
*** WARNING: you are running uWSGI as root !!! (use the --uid flag) *** 
chdir() to /srv/Myblog
your processes number limit is 3811
your memory page size is 4096 bytes
detected max file descriptor number: 1024
lock engine: pthread robust mutexes
thunder lock: disabled (you can enable it with --thunder-lock)
probably another instance of uWSGI is running on the same address (127.0.0.1:9000).
bind(): Address already in use [core/socket.c line 769]
[uwsgi-python-reloader] module/file /srv/Myblog/apps/blogarticle/models.py has been modified
...gracefully killing workers...
Gracefully killing worker 1 (pid: 3050)...
Gracefully killing worker 2 (pid: 3051)...
Gracefully killing worker 3 (pid: 3052)...
Gracefully killing worker 4 (pid: 3053)...
Gracefully killing worker 5 (pid: 3054)...
Gracefully killing worker 6 (pid: 3055)...
Gracefully killing worker 7 (pid: 3059)...
Gracefully killing worker 8 (pid: 3063)...
Gracefully killing worker 9 (pid: 3065)...
Gracefully killing worker 10 (pid: 3066)...
Mon Jul  9 08:45:21 2018 - worker 7 (pid: 3059) is taking too much time to die...NO MERCY !!!
Mon Jul  9 08:45:24 2018 - worker 8 (pid: 3063) is taking too much time to die...NO MERCY !!!
Mon Jul  9 08:45:24 2018 - worker 9 (pid: 3065) is taking too much time to die...NO MERCY !!!
Mon Jul  9 08:45:24 2018 - worker 10 (pid: 3066) is taking too much time to die...NO MERCY !!!
worker 7 buried after 1 seconds
Mon Jul  9 08:45:24 2018 - worker 1 (pid: 3050) is taking too much time to die...NO MERCY !!!
Mon Jul  9 08:45:24 2018 - worker 2 (pid: 3051) is taking too much time to die...NO MERCY !!!
Mon Jul  9 08:45:24 2018 - worker 3 (pid: 3052) is taking too much time to die...NO MERCY !!!
Mon Jul  9 08:45:24 2018 - worker 4 (pid: 3053) is taking too much time to die...NO MERCY !!!
Mon Jul  9 08:45:24 2018 - worker 5 (pid: 3054) is taking too much time to die...NO MERCY !!!
Mon Jul  9 08:45:24 2018 - worker 6 (pid: 3055) is taking too much time to die...NO MERCY !!!
worker 1 buried after 0 seconds
worker 2 buried after 0 seconds
worker 3 buried after 0 seconds
worker 4 buried after 0 seconds
worker 5 buried after 0 seconds
worker 6 buried after 0 seconds
worker 8 buried after 0 seconds
worker 9 buried after 0 seconds
worker 10 buried after 0 seconds
binary reloading uWSGI...
chdir() to /srv/Myblog
closing all non-uwsgi socket fds > 2 (max_fd = 1024)...
found fd 6 mapped to socket 0 (127.0.0.1:9000)
running /home/srp/srp_py_vm/myblog/bin/uwsgi
[uWSGI] getting INI configuration from /srv/Myblog/conf/uwsgi_blog.ini
*** Starting uWSGI 2.0.17 (64bit) on [Mon Jul  9 08:45:25 2018] ***
compiled with version: 5.4.0 20160609 on 24 April 2018 01:18:58
os: Linux-4.4.0-62-generic #83-Ubuntu SMP Wed Jan 18 14:10:15 UTC 2017
nodename: ubuntu
machine: x86_64
clock source: unix
detected number of CPU cores: 1
current working directory: /srv/Myblog
detected binary path: /home/srp/srp_py_vm/myblog/bin/uwsgi
!!! no internal routing support, rebuild with pcre support !!!
uWSGI running as root, you can use --uid/--gid/--chroot options
*** WARNING: you are running uWSGI as root !!! (use the --uid flag) *** 
chdir() to /srv/Myblog
your processes number limit is 3811
your memory page size is 4096 bytes
detected max file descriptor number: 1024
lock engine: pthread robust mutexes
thunder lock: disabled (you can enable it with --thunder-lock)
uwsgi socket 0 inherited INET address 127.0.0.1:9000 fd 6
uWSGI running as root, you can use --uid/--gid/--chroot options
*** WARNING: you are running uWSGI as root !!! (use the --uid flag) *** 
Python version: 3.5.2 (default, Nov 23 2017, 16:37:01)  [GCC 5.4.0 20160609]
Set PythonHome to /home/srp/srp_py_vm/myblog
Python main interpreter initialized at 0xbb3d80
uWSGI running as root, you can use --uid/--gid/--chroot options
*** WARNING: you are running uWSGI as root !!! (use the --uid flag) *** 
python threads support enabled
your server socket listen backlog is limited to 100 connections
your mercy for graceful operations on workers is 60 seconds
mapped 802120 bytes (783 KB) for 10 cores
*** Operational MODE: preforking ***
WSGI app 0 (mountpoint='') ready in 5 seconds on interpreter 0xbb3d80 pid: 3045 (default app)
uWSGI running as root, you can use --uid/--gid/--chroot options
*** WARNING: you are running uWSGI as root !!! (use the --uid flag) *** 
gracefully (RE)spawned uWSGI master process (pid: 3045)
spawned uWSGI worker 1 (pid: 4438, cores: 1)
spawned uWSGI worker 2 (pid: 4439, cores: 1)
spawned uWSGI worker 3 (pid: 4440, cores: 1)
spawned uWSGI worker 4 (pid: 4441, cores: 1)
spawned uWSGI worker 5 (pid: 4442, cores: 1)
spawned uWSGI worker 6 (pid: 4443, cores: 1)
spawned uWSGI worker 7 (pid: 4445, cores: 1)
Python auto-reloader enabled
spawned uWSGI worker 8 (pid: 4449, cores: 1)
spawned uWSGI worker 9 (pid: 4453, cores: 1)
spawned uWSGI worker 10 (pid: 4454, cores: 1)
*** Stats server enabled on 127.0.0.1:9001 fd: 30 ***
*** Starting uWSGI 2.0.17 (64bit) on [Mon Jul  9 08:52:25 2018] ***
compiled with version: 5.4.0 20160609 on 24 April 2018 01:18:58
os: Linux-4.4.0-62-generic #83-Ubuntu SMP Wed Jan 18 14:10:15 UTC 2017
nodename: ubuntu
machine: x86_64
clock source: unix
detected number of CPU cores: 1
current working directory: /srv/Myblog
detected binary path: /home/srp/srp_py_vm/myblog/bin/uwsgi
!!! no internal routing support, rebuild with pcre support !!!
uWSGI running as root, you can use --uid/--gid/--chroot options
*** WARNING: you are running uWSGI as root !!! (use the --uid flag) *** 
chdir() to /srv/Myblog
your processes number limit is 3811
your memory page size is 4096 bytes
detected max file descriptor number: 1024
lock engine: pthread robust mutexes
thunder lock: disabled (you can enable it with --thunder-lock)
uwsgi socket 0 bound to TCP address 127.0.0.1:9000 fd 6
uWSGI running as root, you can use --uid/--gid/--chroot options
*** WARNING: you are running uWSGI as root !!! (use the --uid flag) *** 
Python version: 3.5.2 (default, Nov 23 2017, 16:37:01)  [GCC 5.4.0 20160609]
Set PythonHome to /home/srp/srp_py_vm/myblog
Python main interpreter initialized at 0x16221b0
uWSGI running as root, you can use --uid/--gid/--chroot options
*** WARNING: you are running uWSGI as root !!! (use the --uid flag) *** 
python threads support enabled
your server socket listen backlog is limited to 100 connections
your mercy for graceful operations on workers is 60 seconds
mapped 802120 bytes (783 KB) for 10 cores
*** Operational MODE: preforking ***
WSGI app 0 (mountpoint='') ready in 1 seconds on interpreter 0x16221b0 pid: 4568 (default app)
uWSGI running as root, you can use --uid/--gid/--chroot options
*** WARNING: you are running uWSGI as root !!! (use the --uid flag) *** 
spawned uWSGI master process (pid: 4568)
spawned uWSGI worker 1 (pid: 4570, cores: 1)
spawned uWSGI worker 2 (pid: 4571, cores: 1)
spawned uWSGI worker 3 (pid: 4572, cores: 1)
spawned uWSGI worker 4 (pid: 4573, cores: 1)
spawned uWSGI worker 5 (pid: 4574, cores: 1)
spawned uWSGI worker 6 (pid: 4575, cores: 1)
spawned uWSGI worker 7 (pid: 4577, cores: 1)
spawned uWSGI worker 8 (pid: 4583, cores: 1)
Python auto-reloader enabled
spawned uWSGI worker 9 (pid: 4585, cores: 1)
spawned uWSGI worker 10 (pid: 4587, cores: 1)
*** Stats server enabled on 127.0.0.1:9001 fd: 30 ***
*** Starting uWSGI 2.0.17 (64bit) on [Mon Jul  9 08:52:26 2018] ***
compiled with version: 5.4.0 20160609 on 24 April 2018 01:18:58
os: Linux-4.4.0-62-generic #83-Ubuntu SMP Wed Jan 18 14:10:15 UTC 2017
nodename: ubuntu
machine: x86_64
clock source: unix
detected number of CPU cores: 1
current working directory: /srv/Myblog
detected binary path: /home/srp/srp_py_vm/myblog/bin/uwsgi
!!! no internal routing support, rebuild with pcre support !!!
uWSGI running as root, you can use --uid/--gid/--chroot options
*** WARNING: you are running uWSGI as root !!! (use the --uid flag) *** 
chdir() to /srv/Myblog
your processes number limit is 3811
your memory page size is 4096 bytes
detected max file descriptor number: 1024
lock engine: pthread robust mutexes
thunder lock: disabled (you can enable it with --thunder-lock)
probably another instance of uWSGI is running on the same address (127.0.0.1:9000).
bind(): Address already in use [core/socket.c line 769]
*** Starting uWSGI 2.0.17 (64bit) on [Mon Jul  9 08:52:28 2018] ***
compiled with version: 5.4.0 20160609 on 24 April 2018 01:18:58
os: Linux-4.4.0-62-generic #83-Ubuntu SMP Wed Jan 18 14:10:15 UTC 2017
nodename: ubuntu
machine: x86_64
clock source: unix
detected number of CPU cores: 1
current working directory: /srv/Myblog
detected binary path: /home/srp/srp_py_vm/myblog/bin/uwsgi
!!! no internal routing support, rebuild with pcre support !!!
uWSGI running as root, you can use --uid/--gid/--chroot options
*** WARNING: you are running uWSGI as root !!! (use the --uid flag) *** 
chdir() to /srv/Myblog
your processes number limit is 3811
your memory page size is 4096 bytes
detected max file descriptor number: 1024
lock engine: pthread robust mutexes
thunder lock: disabled (you can enable it with --thunder-lock)
probably another instance of uWSGI is running on the same address (127.0.0.1:9000).
bind(): Address already in use [core/socket.c line 769]
*** Starting uWSGI 2.0.17 (64bit) on [Mon Jul  9 08:52:31 2018] ***
compiled with version: 5.4.0 20160609 on 24 April 2018 01:18:58
os: Linux-4.4.0-62-generic #83-Ubuntu SMP Wed Jan 18 14:10:15 UTC 2017
nodename: ubuntu
machine: x86_64
clock source: unix
detected number of CPU cores: 1
current working directory: /srv/Myblog
detected binary path: /home/srp/srp_py_vm/myblog/bin/uwsgi
!!! no internal routing support, rebuild with pcre support !!!
uWSGI running as root, you can use --uid/--gid/--chroot options
*** WARNING: you are running uWSGI as root !!! (use the --uid flag) *** 
chdir() to /srv/Myblog
your processes number limit is 3811
your memory page size is 4096 bytes
detected max file descriptor number: 1024
lock engine: pthread robust mutexes
thunder lock: disabled (you can enable it with --thunder-lock)
probably another instance of uWSGI is running on the same address (127.0.0.1:9000).
bind(): Address already in use [core/socket.c line 769]
[uwsgi-python-reloader] module/file /srv/Myblog/apps/blogarticle/adminx.py has been modified
...gracefully killing workers...
Gracefully killing worker 1 (pid: 4570)...
Gracefully killing worker 2 (pid: 4571)...
Gracefully killing worker 3 (pid: 4572)...
Gracefully killing worker 4 (pid: 4573)...
Gracefully killing worker 5 (pid: 4574)...
Gracefully killing worker 6 (pid: 4575)...
Gracefully killing worker 7 (pid: 4577)...
Gracefully killing worker 8 (pid: 4583)...
Gracefully killing worker 9 (pid: 4585)...
Gracefully killing worker 10 (pid: 4587)...
Mon Jul  9 20:37:46 2018 - worker 1 (pid: 4570) is taking too much time to die...NO MERCY !!!
Mon Jul  9 20:37:48 2018 - worker 2 (pid: 4571) is taking too much time to die...NO MERCY !!!
Mon Jul  9 20:37:48 2018 - worker 3 (pid: 4572) is taking too much time to die...NO MERCY !!!
Mon Jul  9 20:37:48 2018 - worker 4 (pid: 4573) is taking too much time to die...NO MERCY !!!
Mon Jul  9 20:37:48 2018 - worker 5 (pid: 4574) is taking too much time to die...NO MERCY !!!
Mon Jul  9 20:37:48 2018 - worker 6 (pid: 4575) is taking too much time to die...NO MERCY !!!
Mon Jul  9 20:37:48 2018 - worker 7 (pid: 4577) is taking too much time to die...NO MERCY !!!
Mon Jul  9 20:37:48 2018 - worker 8 (pid: 4583) is taking too much time to die...NO MERCY !!!
Mon Jul  9 20:37:48 2018 - worker 9 (pid: 4585) is taking too much time to die...NO MERCY !!!
Mon Jul  9 20:37:48 2018 - worker 10 (pid: 4587) is taking too much time to die...NO MERCY !!!
worker 1 buried after 0 seconds
worker 2 buried after 1 seconds
worker 3 buried after 1 seconds
worker 4 buried after 1 seconds
worker 5 buried after 1 seconds
worker 6 buried after 1 seconds
worker 7 buried after 1 seconds
worker 8 buried after 1 seconds
worker 9 buried after 1 seconds
worker 10 buried after 1 seconds
binary reloading uWSGI...
chdir() to /srv/Myblog
closing all non-uwsgi socket fds > 2 (max_fd = 1024)...
found fd 6 mapped to socket 0 (127.0.0.1:9000)
running /home/srp/srp_py_vm/myblog/bin/uwsgi
[uWSGI] getting INI configuration from /srv/Myblog/conf/uwsgi_blog.ini
*** Starting uWSGI 2.0.17 (64bit) on [Mon Jul  9 20:37:49 2018] ***
compiled with version: 5.4.0 20160609 on 24 April 2018 01:18:58
os: Linux-4.4.0-62-generic #83-Ubuntu SMP Wed Jan 18 14:10:15 UTC 2017
nodename: ubuntu
machine: x86_64
clock source: unix
detected number of CPU cores: 1
current working directory: /srv/Myblog
detected binary path: /home/srp/srp_py_vm/myblog/bin/uwsgi
!!! no internal routing support, rebuild with pcre support !!!
uWSGI running as root, you can use --uid/--gid/--chroot options
*** WARNING: you are running uWSGI as root !!! (use the --uid flag) *** 
chdir() to /srv/Myblog
your processes number limit is 3811
your memory page size is 4096 bytes
detected max file descriptor number: 1024
lock engine: pthread robust mutexes
thunder lock: disabled (you can enable it with --thunder-lock)
uwsgi socket 0 inherited INET address 127.0.0.1:9000 fd 6
uWSGI running as root, you can use --uid/--gid/--chroot options
*** WARNING: you are running uWSGI as root !!! (use the --uid flag) *** 
Python version: 3.5.2 (default, Nov 23 2017, 16:37:01)  [GCC 5.4.0 20160609]
Set PythonHome to /home/srp/srp_py_vm/myblog
Python main interpreter initialized at 0x1416d80
uWSGI running as root, you can use --uid/--gid/--chroot options
*** WARNING: you are running uWSGI as root !!! (use the --uid flag) *** 
python threads support enabled
your server socket listen backlog is limited to 100 connections
your mercy for graceful operations on workers is 60 seconds
mapped 802120 bytes (783 KB) for 10 cores
*** Operational MODE: preforking ***
WSGI app 0 (mountpoint='') ready in 3 seconds on interpreter 0x1416d80 pid: 4568 (default app)
uWSGI running as root, you can use --uid/--gid/--chroot options
*** WARNING: you are running uWSGI as root !!! (use the --uid flag) *** 
gracefully (RE)spawned uWSGI master process (pid: 4568)
spawned uWSGI worker 1 (pid: 5180, cores: 1)
spawned uWSGI worker 2 (pid: 5181, cores: 1)
spawned uWSGI worker 3 (pid: 5182, cores: 1)
spawned uWSGI worker 4 (pid: 5183, cores: 1)
spawned uWSGI worker 5 (pid: 5184, cores: 1)
spawned uWSGI worker 6 (pid: 5185, cores: 1)
spawned uWSGI worker 7 (pid: 5187, cores: 1)
spawned uWSGI worker 8 (pid: 5191, cores: 1)
Python auto-reloader enabled
spawned uWSGI worker 9 (pid: 5195, cores: 1)
spawned uWSGI worker 10 (pid: 5197, cores: 1)
*** Stats server enabled on 127.0.0.1:9001 fd: 30 ***
[uwsgi-python-reloader] module/file /srv/Myblog/apps/users/views.py has been modified
...gracefully killing workers...
Gracefully killing worker 1 (pid: 5180)...
Gracefully killing worker 2 (pid: 5181)...
Gracefully killing worker 3 (pid: 5182)...
Gracefully killing worker 4 (pid: 5183)...
Gracefully killing worker 5 (pid: 5184)...
Gracefully killing worker 6 (pid: 5185)...
Gracefully killing worker 7 (pid: 5187)...
Gracefully killing worker 8 (pid: 5191)...
Gracefully killing worker 9 (pid: 5195)...
Gracefully killing worker 10 (pid: 5197)...
Mon Jul  9 20:40:06 2018 - worker 1 (pid: 5180) is taking too much time to die...NO MERCY !!!
Mon Jul  9 20:40:09 2018 - worker 2 (pid: 5181) is taking too much time to die...NO MERCY !!!
Mon Jul  9 20:40:09 2018 - worker 3 (pid: 5182) is taking too much time to die...NO MERCY !!!
Mon Jul  9 20:40:09 2018 - worker 4 (pid: 5183) is taking too much time to die...NO MERCY !!!
Mon Jul  9 20:40:09 2018 - worker 5 (pid: 5184) is taking too much time to die...NO MERCY !!!
Mon Jul  9 20:40:09 2018 - worker 6 (pid: 5185) is taking too much time to die...NO MERCY !!!
Mon Jul  9 20:40:09 2018 - worker 7 (pid: 5187) is taking too much time to die...NO MERCY !!!
Mon Jul  9 20:40:09 2018 - worker 8 (pid: 5191) is taking too much time to die...NO MERCY !!!
Mon Jul  9 20:40:09 2018 - worker 9 (pid: 5195) is taking too much time to die...NO MERCY !!!
Mon Jul  9 20:40:09 2018 - worker 10 (pid: 5197) is taking too much time to die...NO MERCY !!!
worker 1 buried after 1 seconds
worker 2 buried after 0 seconds
worker 3 buried after 0 seconds
worker 4 buried after 0 seconds
worker 5 buried after 0 seconds
worker 6 buried after 0 seconds
worker 7 buried after 0 seconds
worker 8 buried after 0 seconds
worker 9 buried after 0 seconds
worker 10 buried after 0 seconds
binary reloading uWSGI...
chdir() to /srv/Myblog
closing all non-uwsgi socket fds > 2 (max_fd = 1024)...
found fd 6 mapped to socket 0 (127.0.0.1:9000)
running /home/srp/srp_py_vm/myblog/bin/uwsgi
[uWSGI] getting INI configuration from /srv/Myblog/conf/uwsgi_blog.ini
*** Starting uWSGI 2.0.17 (64bit) on [Mon Jul  9 20:40:09 2018] ***
compiled with version: 5.4.0 20160609 on 24 April 2018 01:18:58
os: Linux-4.4.0-62-generic #83-Ubuntu SMP Wed Jan 18 14:10:15 UTC 2017
nodename: ubuntu
machine: x86_64
clock source: unix
detected number of CPU cores: 1
current working directory: /srv/Myblog
detected binary path: /home/srp/srp_py_vm/myblog/bin/uwsgi
!!! no internal routing support, rebuild with pcre support !!!
uWSGI running as root, you can use --uid/--gid/--chroot options
*** WARNING: you are running uWSGI as root !!! (use the --uid flag) *** 
chdir() to /srv/Myblog
your processes number limit is 3811
your memory page size is 4096 bytes
detected max file descriptor number: 1024
lock engine: pthread robust mutexes
thunder lock: disabled (you can enable it with --thunder-lock)
uwsgi socket 0 inherited INET address 127.0.0.1:9000 fd 6
uWSGI running as root, you can use --uid/--gid/--chroot options
*** WARNING: you are running uWSGI as root !!! (use the --uid flag) *** 
Python version: 3.5.2 (default, Nov 23 2017, 16:37:01)  [GCC 5.4.0 20160609]
Set PythonHome to /home/srp/srp_py_vm/myblog
Python main interpreter initialized at 0xd3bd80
uWSGI running as root, you can use --uid/--gid/--chroot options
*** WARNING: you are running uWSGI as root !!! (use the --uid flag) *** 
python threads support enabled
your server socket listen backlog is limited to 100 connections
your mercy for graceful operations on workers is 60 seconds
mapped 802120 bytes (783 KB) for 10 cores
*** Operational MODE: preforking ***
WSGI app 0 (mountpoint='') ready in 3 seconds on interpreter 0xd3bd80 pid: 4568 (default app)
uWSGI running as root, you can use --uid/--gid/--chroot options
*** WARNING: you are running uWSGI as root !!! (use the --uid flag) *** 
gracefully (RE)spawned uWSGI master process (pid: 4568)
spawned uWSGI worker 1 (pid: 5201, cores: 1)
spawned uWSGI worker 2 (pid: 5202, cores: 1)
spawned uWSGI worker 3 (pid: 5203, cores: 1)
spawned uWSGI worker 4 (pid: 5204, cores: 1)
spawned uWSGI worker 5 (pid: 5206, cores: 1)
Python auto-reloader enabled
spawned uWSGI worker 6 (pid: 5210, cores: 1)
spawned uWSGI worker 7 (pid: 5211, cores: 1)
spawned uWSGI worker 8 (pid: 5215, cores: 1)
spawned uWSGI worker 9 (pid: 5216, cores: 1)
spawned uWSGI worker 10 (pid: 5218, cores: 1)
*** Stats server enabled on 127.0.0.1:9001 fd: 30 ***
...brutally killing workers...
worker 10 buried after 2 seconds
worker 9 buried after 5 seconds
worker 1 buried after 6 seconds
worker 2 buried after 8 seconds
worker 3 buried after 9 seconds
worker 4 buried after 9 seconds
worker 5 buried after 9 seconds
worker 6 buried after 9 seconds
worker 7 buried after 9 seconds
worker 8 buried after 9 seconds
binary reloading uWSGI...
chdir() to /srv/Myblog
closing all non-uwsgi socket fds > 2 (max_fd = 1024)...
found fd 6 mapped to socket 0 (127.0.0.1:9000)
running /home/srp/srp_py_vm/myblog/bin/uwsgi
[uWSGI] getting INI configuration from /srv/Myblog/conf/uwsgi_blog.ini
*** Starting uWSGI 2.0.17 (64bit) on [Wed Jul 11 09:14:52 2018] ***
compiled with version: 5.4.0 20160609 on 24 April 2018 01:18:58
os: Linux-4.4.0-62-generic #83-Ubuntu SMP Wed Jan 18 14:10:15 UTC 2017
nodename: ubuntu
machine: x86_64
clock source: unix
detected number of CPU cores: 1
current working directory: /srv/Myblog
detected binary path: /home/srp/srp_py_vm/myblog/bin/uwsgi
!!! no internal routing support, rebuild with pcre support !!!
uWSGI running as root, you can use --uid/--gid/--chroot options
*** WARNING: you are running uWSGI as root !!! (use the --uid flag) *** 
chdir() to /srv/Myblog
your processes number limit is 3811
your memory page size is 4096 bytes
detected max file descriptor number: 1024
lock engine: pthread robust mutexes
thunder lock: disabled (you can enable it with --thunder-lock)
probably another instance of uWSGI is running on the same address (127.0.0.1:9000).
bind(): Address already in use [core/socket.c line 769]
*** Starting uWSGI 2.0.17 (64bit) on [Wed Jul 11 09:14:55 2018] ***
compiled with version: 5.4.0 20160609 on 24 April 2018 01:18:58
os: Linux-4.4.0-62-generic #83-Ubuntu SMP Wed Jan 18 14:10:15 UTC 2017
nodename: ubuntu
machine: x86_64
clock source: unix
detected number of CPU cores: 1
current working directory: /srv/Myblog
detected binary path: /home/srp/srp_py_vm/myblog/bin/uwsgi
!!! no internal routing support, rebuild with pcre support !!!
uWSGI running as root, you can use --uid/--gid/--chroot options
*** WARNING: you are running uWSGI as root !!! (use the --uid flag) *** 
chdir() to /srv/Myblog
your processes number limit is 3811
your memory page size is 4096 bytes
detected max file descriptor number: 1024
lock engine: pthread robust mutexes
thunder lock: disabled (you can enable it with --thunder-lock)
probably another instance of uWSGI is running on the same address (127.0.0.1:9000).
bind(): Address already in use [core/socket.c line 769]
*** Starting uWSGI 2.0.17 (64bit) on [Wed Jul 11 09:14:59 2018] ***
compiled with version: 5.4.0 20160609 on 24 April 2018 01:18:58
os: Linux-4.4.0-62-generic #83-Ubuntu SMP Wed Jan 18 14:10:15 UTC 2017
nodename: ubuntu
machine: x86_64
clock source: unix
detected number of CPU cores: 1
current working directory: /srv/Myblog
detected binary path: /home/srp/srp_py_vm/myblog/bin/uwsgi
!!! no internal routing support, rebuild with pcre support !!!
uWSGI running as root, you can use --uid/--gid/--chroot options
*** WARNING: you are running uWSGI as root !!! (use the --uid flag) *** 
chdir() to /srv/Myblog
your processes number limit is 3811
your memory page size is 4096 bytes
detected max file descriptor number: 1024
lock engine: pthread robust mutexes
thunder lock: disabled (you can enable it with --thunder-lock)
probably another instance of uWSGI is running on the same address (127.0.0.1:9000).
bind(): Address already in use [core/socket.c line 769]
*** Starting uWSGI 2.0.17 (64bit) on [Wed Jul 11 09:14:51 2018] ***
compiled with version: 5.4.0 20160609 on 24 April 2018 01:18:58
os: Linux-4.4.0-62-generic #83-Ubuntu SMP Wed Jan 18 14:10:15 UTC 2017
nodename: ubuntu
machine: x86_64
clock source: unix
detected number of CPU cores: 1
current working directory: /srv/Myblog
detected binary path: /home/srp/srp_py_vm/myblog/bin/uwsgi
!!! no internal routing support, rebuild with pcre support !!!
uWSGI running as root, you can use --uid/--gid/--chroot options
*** WARNING: you are running uWSGI as root !!! (use the --uid flag) *** 
chdir() to /srv/Myblog
your processes number limit is 3811
your memory page size is 4096 bytes
detected max file descriptor number: 1024
lock engine: pthread robust mutexes
thunder lock: disabled (you can enable it with --thunder-lock)
uwsgi socket 0 bound to TCP address 127.0.0.1:9000 fd 6
uWSGI running as root, you can use --uid/--gid/--chroot options
*** WARNING: you are running uWSGI as root !!! (use the --uid flag) *** 
Python version: 3.5.2 (default, Nov 23 2017, 16:37:01)  [GCC 5.4.0 20160609]
Set PythonHome to /home/srp/srp_py_vm/myblog
Python main interpreter initialized at 0x19141b0
uWSGI running as root, you can use --uid/--gid/--chroot options
*** WARNING: you are running uWSGI as root !!! (use the --uid flag) *** 
python threads support enabled
your server socket listen backlog is limited to 100 connections
your mercy for graceful operations on workers is 60 seconds
mapped 802120 bytes (783 KB) for 10 cores
*** Operational MODE: preforking ***
WSGI app 0 (mountpoint='') ready in 8 seconds on interpreter 0x19141b0 pid: 1226 (default app)
uWSGI running as root, you can use --uid/--gid/--chroot options
*** WARNING: you are running uWSGI as root !!! (use the --uid flag) *** 
spawned uWSGI master process (pid: 1226)
spawned uWSGI worker 1 (pid: 1450, cores: 1)
spawned uWSGI worker 2 (pid: 1451, cores: 1)
spawned uWSGI worker 3 (pid: 1452, cores: 1)
spawned uWSGI worker 4 (pid: 1453, cores: 1)
spawned uWSGI worker 5 (pid: 1454, cores: 1)
spawned uWSGI worker 6 (pid: 1455, cores: 1)
spawned uWSGI worker 7 (pid: 1456, cores: 1)
spawned uWSGI worker 8 (pid: 1457, cores: 1)
spawned uWSGI worker 9 (pid: 1460, cores: 1)
spawned uWSGI worker 10 (pid: 1464, cores: 1)
*** Stats server enabled on 127.0.0.1:9001 fd: 30 ***
Python auto-reloader enabled
DAMN ! worker 1 (pid: 1450) died, killed by signal 9 :( trying respawn ...
Respawned uWSGI worker 1 (new pid: 18339)
Python auto-reloader enabled
DAMN ! worker 6 (pid: 1455) died, killed by signal 9 :( trying respawn ...
Respawned uWSGI worker 6 (new pid: 9285)
...brutally killing workers...
worker 3 buried after 5 seconds
worker 7 buried after 7 seconds
worker 1 buried after 7 seconds
*** Starting uWSGI 2.0.17 (64bit) on [Sat Jul 14 12:49:26 2018] ***
compiled with version: 5.4.0 20160609 on 24 April 2018 01:18:58
os: Linux-4.4.0-62-generic #83-Ubuntu SMP Wed Jan 18 14:10:15 UTC 2017
nodename: ubuntu
machine: x86_64
clock source: unix
detected number of CPU cores: 1
current working directory: /srv/Myblog
detected binary path: /home/srp/srp_py_vm/myblog/bin/uwsgi
!!! no internal routing support, rebuild with pcre support !!!
uWSGI running as root, you can use --uid/--gid/--chroot options
*** WARNING: you are running uWSGI as root !!! (use the --uid flag) *** 
chdir() to /srv/Myblog
your processes number limit is 3811
your memory page size is 4096 bytes
detected max file descriptor number: 1024
lock engine: pthread robust mutexes
thunder lock: disabled (you can enable it with --thunder-lock)
probably another instance of uWSGI is running on the same address (127.0.0.1:9000).
bind(): Address already in use [core/socket.c line 769]
*** Starting uWSGI 2.0.17 (64bit) on [Sat Jul 14 12:49:28 2018] ***
compiled with version: 5.4.0 20160609 on 24 April 2018 01:18:58
os: Linux-4.4.0-62-generic #83-Ubuntu SMP Wed Jan 18 14:10:15 UTC 2017
nodename: ubuntu
machine: x86_64
clock source: unix
detected number of CPU cores: 1
current working directory: /srv/Myblog
detected binary path: /home/srp/srp_py_vm/myblog/bin/uwsgi
!!! no internal routing support, rebuild with pcre support !!!
uWSGI running as root, you can use --uid/--gid/--chroot options
*** WARNING: you are running uWSGI as root !!! (use the --uid flag) *** 
chdir() to /srv/Myblog
your processes number limit is 3811
your memory page size is 4096 bytes
detected max file descriptor number: 1024
lock engine: pthread robust mutexes
thunder lock: disabled (you can enable it with --thunder-lock)
probably another instance of uWSGI is running on the same address (127.0.0.1:9000).
bind(): Address already in use [core/socket.c line 769]
*** Starting uWSGI 2.0.17 (64bit) on [Sat Jul 14 12:49:31 2018] ***
compiled with version: 5.4.0 20160609 on 24 April 2018 01:18:58
os: Linux-4.4.0-62-generic #83-Ubuntu SMP Wed Jan 18 14:10:15 UTC 2017
nodename: ubuntu
machine: x86_64
clock source: unix
detected number of CPU cores: 1
current working directory: /srv/Myblog
detected binary path: /home/srp/srp_py_vm/myblog/bin/uwsgi
!!! no internal routing support, rebuild with pcre support !!!
uWSGI running as root, you can use --uid/--gid/--chroot options
*** WARNING: you are running uWSGI as root !!! (use the --uid flag) *** 
chdir() to /srv/Myblog
your processes number limit is 3811
your memory page size is 4096 bytes
detected max file descriptor number: 1024
lock engine: pthread robust mutexes
thunder lock: disabled (you can enable it with --thunder-lock)
probably another instance of uWSGI is running on the same address (127.0.0.1:9000).
bind(): Address already in use [core/socket.c line 769]
*** Starting uWSGI 2.0.17 (64bit) on [Sat Jul 14 12:49:25 2018] ***
compiled with version: 5.4.0 20160609 on 24 April 2018 01:18:58
os: Linux-4.4.0-62-generic #83-Ubuntu SMP Wed Jan 18 14:10:15 UTC 2017
nodename: ubuntu
machine: x86_64
clock source: unix
detected number of CPU cores: 1
current working directory: /srv/Myblog
detected binary path: /home/srp/srp_py_vm/myblog/bin/uwsgi
!!! no internal routing support, rebuild with pcre support !!!
uWSGI running as root, you can use --uid/--gid/--chroot options
*** WARNING: you are running uWSGI as root !!! (use the --uid flag) *** 
chdir() to /srv/Myblog
your processes number limit is 3811
your memory page size is 4096 bytes
detected max file descriptor number: 1024
lock engine: pthread robust mutexes
thunder lock: disabled (you can enable it with --thunder-lock)
uwsgi socket 0 bound to TCP address 127.0.0.1:9000 fd 6
uWSGI running as root, you can use --uid/--gid/--chroot options
*** WARNING: you are running uWSGI as root !!! (use the --uid flag) *** 
Python version: 3.5.2 (default, Nov 23 2017, 16:37:01)  [GCC 5.4.0 20160609]
Set PythonHome to /home/srp/srp_py_vm/myblog
Python main interpreter initialized at 0x26051b0
uWSGI running as root, you can use --uid/--gid/--chroot options
*** WARNING: you are running uWSGI as root !!! (use the --uid flag) *** 
python threads support enabled
your server socket listen backlog is limited to 100 connections
your mercy for graceful operations on workers is 60 seconds
mapped 802120 bytes (783 KB) for 10 cores
*** Operational MODE: preforking ***
WSGI app 0 (mountpoint='') ready in 9 seconds on interpreter 0x26051b0 pid: 1238 (default app)
uWSGI running as root, you can use --uid/--gid/--chroot options
*** WARNING: you are running uWSGI as root !!! (use the --uid flag) *** 
spawned uWSGI master process (pid: 1238)
spawned uWSGI worker 1 (pid: 1426, cores: 1)
spawned uWSGI worker 2 (pid: 1427, cores: 1)
spawned uWSGI worker 3 (pid: 1428, cores: 1)
spawned uWSGI worker 4 (pid: 1429, cores: 1)
spawned uWSGI worker 5 (pid: 1430, cores: 1)
spawned uWSGI worker 6 (pid: 1431, cores: 1)
spawned uWSGI worker 7 (pid: 1432, cores: 1)
spawned uWSGI worker 8 (pid: 1437, cores: 1)
Python auto-reloader enabled
spawned uWSGI worker 9 (pid: 1440, cores: 1)
spawned uWSGI worker 10 (pid: 1443, cores: 1)
*** Stats server enabled on 127.0.0.1:9001 fd: 30 ***
[uwsgi-python-reloader] module/file /srv/Myblog/apps/blogarticle/admin.py has been modified
...gracefully killing workers...
Gracefully killing worker 1 (pid: 1426)...
Gracefully killing worker 2 (pid: 1427)...
Gracefully killing worker 3 (pid: 1428)...
Gracefully killing worker 4 (pid: 1429)...
Gracefully killing worker 5 (pid: 1430)...
Gracefully killing worker 6 (pid: 1431)...
Gracefully killing worker 7 (pid: 1432)...
Gracefully killing worker 8 (pid: 1437)...
Gracefully killing worker 9 (pid: 1440)...
Gracefully killing worker 10 (pid: 1443)...
worker 1 buried after 4 seconds
worker 2 buried after 4 seconds
worker 3 buried after 4 seconds
worker 4 buried after 4 seconds
worker 5 buried after 4 seconds
worker 6 buried after 4 seconds
worker 7 buried after 4 seconds
worker 8 buried after 4 seconds
worker 9 buried after 4 seconds
worker 10 buried after 4 seconds
binary reloading uWSGI...
chdir() to /srv/Myblog
closing all non-uwsgi socket fds > 2 (max_fd = 1024)...
found fd 6 mapped to socket 0 (127.0.0.1:9000)
running /home/srp/srp_py_vm/myblog/bin/uwsgi
[uWSGI] getting INI configuration from /srv/Myblog/conf/uwsgi_blog.ini
*** Starting uWSGI 2.0.17 (64bit) on [Sat Jul 14 13:21:36 2018] ***
compiled with version: 5.4.0 20160609 on 24 April 2018 01:18:58
os: Linux-4.4.0-62-generic #83-Ubuntu SMP Wed Jan 18 14:10:15 UTC 2017
nodename: ubuntu
machine: x86_64
clock source: unix
detected number of CPU cores: 1
current working directory: /srv/Myblog
detected binary path: /home/srp/srp_py_vm/myblog/bin/uwsgi
!!! no internal routing support, rebuild with pcre support !!!
uWSGI running as root, you can use --uid/--gid/--chroot options
*** WARNING: you are running uWSGI as root !!! (use the --uid flag) *** 
chdir() to /srv/Myblog
your processes number limit is 3811
your memory page size is 4096 bytes
detected max file descriptor number: 1024
lock engine: pthread robust mutexes
thunder lock: disabled (you can enable it with --thunder-lock)
uwsgi socket 0 inherited INET address 127.0.0.1:9000 fd 6
uWSGI running as root, you can use --uid/--gid/--chroot options
*** WARNING: you are running uWSGI as root !!! (use the --uid flag) *** 
Python version: 3.5.2 (default, Nov 23 2017, 16:37:01)  [GCC 5.4.0 20160609]
Set PythonHome to /home/srp/srp_py_vm/myblog
Python main interpreter initialized at 0x14bed80
uWSGI running as root, you can use --uid/--gid/--chroot options
*** WARNING: you are running uWSGI as root !!! (use the --uid flag) *** 
python threads support enabled
your server socket listen backlog is limited to 100 connections
your mercy for graceful operations on workers is 60 seconds
mapped 802120 bytes (783 KB) for 10 cores
*** Operational MODE: preforking ***
WSGI app 0 (mountpoint='') ready in 3 seconds on interpreter 0x14bed80 pid: 1238 (default app)
uWSGI running as root, you can use --uid/--gid/--chroot options
*** WARNING: you are running uWSGI as root !!! (use the --uid flag) *** 
gracefully (RE)spawned uWSGI master process (pid: 1238)
spawned uWSGI worker 1 (pid: 1836, cores: 1)
spawned uWSGI worker 2 (pid: 1837, cores: 1)
spawned uWSGI worker 3 (pid: 1838, cores: 1)
spawned uWSGI worker 4 (pid: 1839, cores: 1)
spawned uWSGI worker 5 (pid: 1840, cores: 1)
spawned uWSGI worker 6 (pid: 1841, cores: 1)
spawned uWSGI worker 7 (pid: 1844, cores: 1)
spawned uWSGI worker 8 (pid: 1847, cores: 1)
Python auto-reloader enabled
spawned uWSGI worker 9 (pid: 1850, cores: 1)
spawned uWSGI worker 10 (pid: 1853, cores: 1)
*** Stats server enabled on 127.0.0.1:9001 fd: 30 ***
[uwsgi-python-reloader] module/file /srv/Myblog/apps/operation/adminx.py has been modified
...gracefully killing workers...
Gracefully killing worker 1 (pid: 1836)...
Gracefully killing worker 2 (pid: 1837)...
Gracefully killing worker 3 (pid: 1838)...
Gracefully killing worker 4 (pid: 1839)...
Gracefully killing worker 5 (pid: 1840)...
Gracefully killing worker 6 (pid: 1841)...
Gracefully killing worker 7 (pid: 1844)...
Gracefully killing worker 8 (pid: 1847)...
Gracefully killing worker 9 (pid: 1850)...
Gracefully killing worker 10 (pid: 1853)...
[uwsgi-python-reloader] module/file /srv/Myblog/apps/operation/adminx.py has been modified
[uwsgi-python-reloader] module/file /srv/Myblog/apps/operation/adminx.py has been modified
worker 1 buried after 2 seconds
worker 2 buried after 2 seconds
worker 3 buried after 2 seconds
worker 4 buried after 2 seconds
worker 5 buried after 2 seconds
worker 6 buried after 2 seconds
worker 7 buried after 2 seconds
worker 8 buried after 2 seconds
worker 9 buried after 2 seconds
worker 10 buried after 2 seconds
binary reloading uWSGI...
chdir() to /srv/Myblog
closing all non-uwsgi socket fds > 2 (max_fd = 1024)...
found fd 6 mapped to socket 0 (127.0.0.1:9000)
running /home/srp/srp_py_vm/myblog/bin/uwsgi
[uWSGI] getting INI configuration from /srv/Myblog/conf/uwsgi_blog.ini
*** Starting uWSGI 2.0.17 (64bit) on [Sat Jul 14 13:21:56 2018] ***
compiled with version: 5.4.0 20160609 on 24 April 2018 01:18:58
os: Linux-4.4.0-62-generic #83-Ubuntu SMP Wed Jan 18 14:10:15 UTC 2017
nodename: ubuntu
machine: x86_64
clock source: unix
detected number of CPU cores: 1
current working directory: /srv/Myblog
detected binary path: /home/srp/srp_py_vm/myblog/bin/uwsgi
!!! no internal routing support, rebuild with pcre support !!!
uWSGI running as root, you can use --uid/--gid/--chroot options
*** WARNING: you are running uWSGI as root !!! (use the --uid flag) *** 
chdir() to /srv/Myblog
your processes number limit is 3811
your memory page size is 4096 bytes
detected max file descriptor number: 1024
lock engine: pthread robust mutexes
thunder lock: disabled (you can enable it with --thunder-lock)
uwsgi socket 0 inherited INET address 127.0.0.1:9000 fd 6
uWSGI running as root, you can use --uid/--gid/--chroot options
*** WARNING: you are running uWSGI as root !!! (use the --uid flag) *** 
Python version: 3.5.2 (default, Nov 23 2017, 16:37:01)  [GCC 5.4.0 20160609]
Set PythonHome to /home/srp/srp_py_vm/myblog
Python main interpreter initialized at 0x221ad80
uWSGI running as root, you can use --uid/--gid/--chroot options
*** WARNING: you are running uWSGI as root !!! (use the --uid flag) *** 
python threads support enabled
your server socket listen backlog is limited to 100 connections
your mercy for graceful operations on workers is 60 seconds
mapped 802120 bytes (783 KB) for 10 cores
*** Operational MODE: preforking ***
WSGI app 0 (mountpoint='') ready in 1 seconds on interpreter 0x221ad80 pid: 1238 (default app)
uWSGI running as root, you can use --uid/--gid/--chroot options
*** WARNING: you are running uWSGI as root !!! (use the --uid flag) *** 
gracefully (RE)spawned uWSGI master process (pid: 1238)
spawned uWSGI worker 1 (pid: 1858, cores: 1)
spawned uWSGI worker 2 (pid: 1859, cores: 1)
spawned uWSGI worker 3 (pid: 1860, cores: 1)
spawned uWSGI worker 4 (pid: 1861, cores: 1)
spawned uWSGI worker 5 (pid: 1862, cores: 1)
spawned uWSGI worker 6 (pid: 1863, cores: 1)
spawned uWSGI worker 7 (pid: 1865, cores: 1)
spawned uWSGI worker 8 (pid: 1870, cores: 1)
Python auto-reloader enabled
spawned uWSGI worker 9 (pid: 1873, cores: 1)
spawned uWSGI worker 10 (pid: 1875, cores: 1)
*** Stats server enabled on 127.0.0.1:9001 fd: 30 ***
[uwsgi-python-reloader] module/file /srv/Myblog/apps/users/adminx.py has been modified
...gracefully killing workers...
Gracefully killing worker 1 (pid: 1858)...
Gracefully killing worker 2 (pid: 1859)...
Gracefully killing worker 3 (pid: 1860)...
Gracefully killing worker 4 (pid: 1861)...
Gracefully killing worker 5 (pid: 1862)...
Gracefully killing worker 6 (pid: 1863)...
Gracefully killing worker 7 (pid: 1865)...
Gracefully killing worker 8 (pid: 1870)...
Gracefully killing worker 9 (pid: 1873)...
Gracefully killing worker 10 (pid: 1875)...
worker 1 buried after 2 seconds
worker 2 buried after 2 seconds
worker 3 buried after 2 seconds
worker 4 buried after 2 seconds
worker 5 buried after 2 seconds
worker 6 buried after 2 seconds
worker 7 buried after 2 seconds
worker 8 buried after 2 seconds
worker 9 buried after 2 seconds
worker 10 buried after 2 seconds
binary reloading uWSGI...
chdir() to /srv/Myblog
closing all non-uwsgi socket fds > 2 (max_fd = 1024)...
found fd 6 mapped to socket 0 (127.0.0.1:9000)
running /home/srp/srp_py_vm/myblog/bin/uwsgi
[uWSGI] getting INI configuration from /srv/Myblog/conf/uwsgi_blog.ini
*** Starting uWSGI 2.0.17 (64bit) on [Sat Jul 14 13:22:09 2018] ***
compiled with version: 5.4.0 20160609 on 24 April 2018 01:18:58
os: Linux-4.4.0-62-generic #83-Ubuntu SMP Wed Jan 18 14:10:15 UTC 2017
nodename: ubuntu
machine: x86_64
clock source: unix
detected number of CPU cores: 1
current working directory: /srv/Myblog
detected binary path: /home/srp/srp_py_vm/myblog/bin/uwsgi
!!! no internal routing support, rebuild with pcre support !!!
uWSGI running as root, you can use --uid/--gid/--chroot options
*** WARNING: you are running uWSGI as root !!! (use the --uid flag) *** 
chdir() to /srv/Myblog
your processes number limit is 3811
your memory page size is 4096 bytes
detected max file descriptor number: 1024
lock engine: pthread robust mutexes
thunder lock: disabled (you can enable it with --thunder-lock)
uwsgi socket 0 inherited INET address 127.0.0.1:9000 fd 6
uWSGI running as root, you can use --uid/--gid/--chroot options
*** WARNING: you are running uWSGI as root !!! (use the --uid flag) *** 
Python version: 3.5.2 (default, Nov 23 2017, 16:37:01)  [GCC 5.4.0 20160609]
Set PythonHome to /home/srp/srp_py_vm/myblog
Python main interpreter initialized at 0x2216d80
uWSGI running as root, you can use --uid/--gid/--chroot options
*** WARNING: you are running uWSGI as root !!! (use the --uid flag) *** 
python threads support enabled
your server socket listen backlog is limited to 100 connections
your mercy for graceful operations on workers is 60 seconds
mapped 802120 bytes (783 KB) for 10 cores
*** Operational MODE: preforking ***
WSGI app 0 (mountpoint='') ready in 0 seconds on interpreter 0x2216d80 pid: 1238 (default app)
uWSGI running as root, you can use --uid/--gid/--chroot options
*** WARNING: you are running uWSGI as root !!! (use the --uid flag) *** 
gracefully (RE)spawned uWSGI master process (pid: 1238)
spawned uWSGI worker 1 (pid: 1880, cores: 1)
spawned uWSGI worker 2 (pid: 1881, cores: 1)
spawned uWSGI worker 3 (pid: 1882, cores: 1)
spawned uWSGI worker 4 (pid: 1883, cores: 1)
spawned uWSGI worker 5 (pid: 1884, cores: 1)
spawned uWSGI worker 6 (pid: 1885, cores: 1)
spawned uWSGI worker 7 (pid: 1886, cores: 1)
spawned uWSGI worker 8 (pid: 1892, cores: 1)
Python auto-reloader enabled
spawned uWSGI worker 9 (pid: 1895, cores: 1)
spawned uWSGI worker 10 (pid: 1897, cores: 1)
*** Stats server enabled on 127.0.0.1:9001 fd: 30 ***
Sun Jul 15 12:14:01 2018 - *** /srv/Myblog has been touched... grace them all !!! ***
...gracefully killing workers...
Gracefully killing worker 5 (pid: 1884)...
Gracefully killing worker 7 (pid: 1886)...
Gracefully killing worker 9 (pid: 1895)...
Gracefully killing worker 10 (pid: 1897)...
Gracefully killing worker 4 (pid: 1883)...
Gracefully killing worker 6 (pid: 1885)...
Gracefully killing worker 3 (pid: 1882)...
Gracefully killing worker 8 (pid: 1892)...
Gracefully killing worker 2 (pid: 1881)...
Gracefully killing worker 1 (pid: 1880)...
worker 5 buried after 2 seconds
worker 7 buried after 2 seconds
worker 9 buried after 2 seconds
worker 10 buried after 2 seconds
worker 1 buried after 4 seconds
worker 2 buried after 4 seconds
worker 3 buried after 4 seconds
worker 4 buried after 4 seconds
worker 6 buried after 4 seconds
worker 8 buried after 4 seconds
binary reloading uWSGI...
chdir() to /srv/Myblog
closing all non-uwsgi socket fds > 2 (max_fd = 1024)...
found fd 6 mapped to socket 0 (127.0.0.1:9000)
running /home/srp/srp_py_vm/myblog/bin/uwsgi
[uWSGI] getting INI configuration from /srv/Myblog/conf/uwsgi_blog.ini
*** Starting uWSGI 2.0.17 (64bit) on [Sun Jul 15 12:14:05 2018] ***
compiled with version: 5.4.0 20160609 on 24 April 2018 01:18:58
os: Linux-4.4.0-62-generic #83-Ubuntu SMP Wed Jan 18 14:10:15 UTC 2017
nodename: ubuntu
machine: x86_64
clock source: unix
detected number of CPU cores: 1
current working directory: /srv/Myblog
detected binary path: /home/srp/srp_py_vm/myblog/bin/uwsgi
!!! no internal routing support, rebuild with pcre support !!!
uWSGI running as root, you can use --uid/--gid/--chroot options
*** WARNING: you are running uWSGI as root !!! (use the --uid flag) *** 
chdir() to /srv/Myblog
your processes number limit is 3811
your memory page size is 4096 bytes
detected max file descriptor number: 1024
lock engine: pthread robust mutexes
thunder lock: disabled (you can enable it with --thunder-lock)
uwsgi socket 0 inherited INET address 127.0.0.1:9000 fd 6
uWSGI running as root, you can use --uid/--gid/--chroot options
*** WARNING: you are running uWSGI as root !!! (use the --uid flag) *** 
Python version: 3.5.2 (default, Nov 23 2017, 16:37:01)  [GCC 5.4.0 20160609]
Set PythonHome to /home/srp/srp_py_vm/myblog
Python main interpreter initialized at 0x1b4dd80
uWSGI running as root, you can use --uid/--gid/--chroot options
*** WARNING: you are running uWSGI as root !!! (use the --uid flag) *** 
python threads support enabled
your server socket listen backlog is limited to 100 connections
your mercy for graceful operations on workers is 60 seconds
mapped 802120 bytes (783 KB) for 10 cores
*** Operational MODE: preforking ***
WSGI app 0 (mountpoint='') ready in 1 seconds on interpreter 0x1b4dd80 pid: 1238 (default app)
uWSGI running as root, you can use --uid/--gid/--chroot options
*** WARNING: you are running uWSGI as root !!! (use the --uid flag) *** 
gracefully (RE)spawned uWSGI master process (pid: 1238)
spawned uWSGI worker 1 (pid: 9449, cores: 1)
spawned uWSGI worker 2 (pid: 9450, cores: 1)
spawned uWSGI worker 3 (pid: 9451, cores: 1)
spawned uWSGI worker 4 (pid: 9452, cores: 1)
spawned uWSGI worker 5 (pid: 9453, cores: 1)
spawned uWSGI worker 6 (pid: 9454, cores: 1)
spawned uWSGI worker 7 (pid: 9456, cores: 1)
spawned uWSGI worker 8 (pid: 9459, cores: 1)
spawned uWSGI worker 9 (pid: 9463, cores: 1)
spawned uWSGI worker 10 (pid: 9465, cores: 1)
*** Stats server enabled on 127.0.0.1:9001 fd: 30 ***
Python auto-reloader enabled
Sun Jul 15 12:37:07 2018 - *** /srv/Myblog has been touched... grace them all !!! ***
...gracefully killing workers...
Gracefully killing worker 1 (pid: 9449)...
Gracefully killing worker 2 (pid: 9450)...
Gracefully killing worker 3 (pid: 9451)...
Gracefully killing worker 4 (pid: 9452)...
Gracefully killing worker 5 (pid: 9453)...
Gracefully killing worker 7 (pid: 9456)...
Gracefully killing worker 8 (pid: 9459)...
Gracefully killing worker 9 (pid: 9463)...
Gracefully killing worker 10 (pid: 9465)...
Gracefully killing worker 6 (pid: 9454)...
worker 1 buried after 3 seconds
worker 2 buried after 3 seconds
worker 3 buried after 3 seconds
worker 4 buried after 3 seconds
worker 5 buried after 3 seconds
worker 6 buried after 3 seconds
worker 7 buried after 3 seconds
worker 8 buried after 3 seconds
worker 9 buried after 3 seconds
worker 10 buried after 3 seconds
binary reloading uWSGI...
chdir() to /srv/Myblog
closing all non-uwsgi socket fds > 2 (max_fd = 1024)...
found fd 6 mapped to socket 0 (127.0.0.1:9000)
running /home/srp/srp_py_vm/myblog/bin/uwsgi
[uWSGI] getting INI configuration from /srv/Myblog/conf/uwsgi_blog.ini
*** Starting uWSGI 2.0.17 (64bit) on [Sun Jul 15 12:37:10 2018] ***
compiled with version: 5.4.0 20160609 on 24 April 2018 01:18:58
os: Linux-4.4.0-62-generic #83-Ubuntu SMP Wed Jan 18 14:10:15 UTC 2017
nodename: ubuntu
machine: x86_64
clock source: unix
detected number of CPU cores: 1
current working directory: /srv/Myblog
detected binary path: /home/srp/srp_py_vm/myblog/bin/uwsgi
!!! no internal routing support, rebuild with pcre support !!!
uWSGI running as root, you can use --uid/--gid/--chroot options
*** WARNING: you are running uWSGI as root !!! (use the --uid flag) *** 
chdir() to /srv/Myblog
your processes number limit is 3811
your memory page size is 4096 bytes
detected max file descriptor number: 1024
lock engine: pthread robust mutexes
thunder lock: disabled (you can enable it with --thunder-lock)
uwsgi socket 0 inherited INET address 127.0.0.1:9000 fd 6
uWSGI running as root, you can use --uid/--gid/--chroot options
*** WARNING: you are running uWSGI as root !!! (use the --uid flag) *** 
Python version: 3.5.2 (default, Nov 23 2017, 16:37:01)  [GCC 5.4.0 20160609]
Set PythonHome to /home/srp/srp_py_vm/myblog
Python main interpreter initialized at 0x10ffd80
uWSGI running as root, you can use --uid/--gid/--chroot options
*** WARNING: you are running uWSGI as root !!! (use the --uid flag) *** 
python threads support enabled
your server socket listen backlog is limited to 100 connections
your mercy for graceful operations on workers is 60 seconds
mapped 802120 bytes (783 KB) for 10 cores
*** Operational MODE: preforking ***
WSGI app 0 (mountpoint='') ready in 1 seconds on interpreter 0x10ffd80 pid: 1238 (default app)
uWSGI running as root, you can use --uid/--gid/--chroot options
*** WARNING: you are running uWSGI as root !!! (use the --uid flag) *** 
gracefully (RE)spawned uWSGI master process (pid: 1238)
spawned uWSGI worker 1 (pid: 9590, cores: 1)
spawned uWSGI worker 2 (pid: 9591, cores: 1)
spawned uWSGI worker 3 (pid: 9592, cores: 1)
spawned uWSGI worker 4 (pid: 9593, cores: 1)
spawned uWSGI worker 5 (pid: 9594, cores: 1)
spawned uWSGI worker 6 (pid: 9595, cores: 1)
spawned uWSGI worker 7 (pid: 9598, cores: 1)
spawned uWSGI worker 8 (pid: 9602, cores: 1)
Python auto-reloader enabled
spawned uWSGI worker 9 (pid: 9604, cores: 1)
spawned uWSGI worker 10 (pid: 9607, cores: 1)
*** Stats server enabled on 127.0.0.1:9001 fd: 30 ***
